{"C:\\Users\\wasab\\planning-project10\\src\\App.tsx": {"path":"C:\\Users\\wasab\\planning-project10\\src\\App.tsx","statementMap":{"0":{"start":{"line":3,"column":0},"end":{"line":3,"column":49}},"1":{"start":{"line":4,"column":0},"end":{"line":4,"column":73}},"2":{"start":{"line":5,"column":0},"end":{"line":5,"column":73}},"3":{"start":{"line":6,"column":0},"end":{"line":6,"column":28}},"4":{"start":{"line":8,"column":22},"end":{"line":15,"column":1}},"5":{"start":{"line":9,"column":2},"end":{"line":14,"column":4}},"6":{"start":{"line":17,"column":0},"end":{"line":17,"column":19}}},"fnMap":{"0":{"name":"(anonymous_1)","decl":{"start":{"line":8,"column":22},"end":{"line":8,"column":25}},"loc":{"start":{"line":8,"column":27},"end":{"line":15,"column":1}}}},"branchMap":{},"s":{"0":1,"1":1,"2":1,"3":1,"4":1,"5":3,"6":1},"f":{"0":3},"b":{}}
,"C:\\Users\\wasab\\planning-project10\\src\\main.tsx": {"path":"C:\\Users\\wasab\\planning-project10\\src\\main.tsx","statementMap":{"0":{"start":{"line":4,"column":0},"end":{"line":4,"column":26}},"1":{"start":{"line":5,"column":0},"end":{"line":5,"column":46}},"2":{"start":{"line":6,"column":0},"end":{"line":6,"column":49}},"3":{"start":{"line":10,"column":0},"end":{"line":10,"column":24}},"4":{"start":{"line":12,"column":20},"end":{"line":12,"column":51}},"5":{"start":{"line":13,"column":0},"end":{"line":13,"column":69}},"6":{"start":{"line":13,"column":18},"end":{"line":13,"column":69}},"7":{"start":{"line":14,"column":13},"end":{"line":14,"column":36}},"8":{"start":{"line":16,"column":0},"end":{"line":23,"column":2}}},"fnMap":{},"branchMap":{"0":{"loc":{"start":{"line":13,"column":0},"end":{"line":13,"column":69}},"type":"if","locations":[{"start":{"line":13,"column":0},"end":{"line":13,"column":69}}]}},"s":{"0":2,"1":2,"2":2,"3":2,"4":2,"5":2,"6":1,"7":1,"8":1},"f":{},"b":{"0":[1]}}
,"C:\\Users\\wasab\\planning-project10\\src\\components\\1-atoms\\Avatar\\avatar.component.tsx": {"path":"C:\\Users\\wasab\\planning-project10\\src\\components\\1-atoms\\Avatar\\avatar.component.tsx","statementMap":{"0":{"start":{"line":4,"column":0},"end":{"line":4,"column":33}},"1":{"start":{"line":13,"column":38},"end":{"line":29,"column":1}},"2":{"start":{"line":19,"column":25},"end":{"line":19,"column":72}},"3":{"start":{"line":21,"column":2},"end":{"line":28,"column":4}},"4":{"start":{"line":31,"column":0},"end":{"line":31,"column":22}}},"fnMap":{"0":{"name":"(anonymous_0)","decl":{"start":{"line":13,"column":38},"end":{"line":13,"column":39}},"loc":{"start":{"line":17,"column":5},"end":{"line":29,"column":1}}}},"branchMap":{"0":{"loc":{"start":{"line":16,"column":2},"end":{"line":16,"column":18}},"type":"default-arg","locations":[{"start":{"line":16,"column":13},"end":{"line":16,"column":18}}]},"1":{"loc":{"start":{"line":19,"column":43},"end":{"line":19,"column":70}},"type":"cond-expr","locations":[{"start":{"line":19,"column":54},"end":{"line":19,"column":65}},{"start":{"line":19,"column":68},"end":{"line":19,"column":70}}]}},"s":{"0":1,"1":1,"2":5,"3":5,"4":1},"f":{"0":5},"b":{"0":[3],"1":[1,4]}}
,"C:\\Users\\wasab\\planning-project10\\src\\components\\1-atoms\\Button\\button.component.tsx": {"path":"C:\\Users\\wasab\\planning-project10\\src\\components\\1-atoms\\Button\\button.component.tsx","statementMap":{"0":{"start":{"line":3,"column":0},"end":{"line":3,"column":33}},"1":{"start":{"line":13,"column":38},"end":{"line":33,"column":1}},"2":{"start":{"line":20,"column":2},"end":{"line":20,"column":71}},"3":{"start":{"line":22,"column":26},"end":{"line":26,"column":4}},"4":{"start":{"line":28,"column":2},"end":{"line":32,"column":4}},"5":{"start":{"line":35,"column":0},"end":{"line":35,"column":22}}},"fnMap":{"0":{"name":"(anonymous_0)","decl":{"start":{"line":13,"column":38},"end":{"line":13,"column":39}},"loc":{"start":{"line":18,"column":5},"end":{"line":33,"column":1}}}},"branchMap":{"0":{"loc":{"start":{"line":15,"column":2},"end":{"line":15,"column":21}},"type":"default-arg","locations":[{"start":{"line":15,"column":12},"end":{"line":15,"column":21}}]},"1":{"loc":{"start":{"line":25,"column":6},"end":{"line":25,"column":21}},"type":"binary-expr","locations":[{"start":{"line":25,"column":6},"end":{"line":25,"column":15}},{"start":{"line":25,"column":19},"end":{"line":25,"column":21}}]}},"s":{"0":4,"1":4,"2":126,"3":126,"4":126,"5":4},"f":{"0":126},"b":{"0":[4],"1":[126,125]}}
,"C:\\Users\\wasab\\planning-project10\\src\\components\\1-atoms\\Input\\input.component.tsx": {"path":"C:\\Users\\wasab\\planning-project10\\src\\components\\1-atoms\\Input\\input.component.tsx","statementMap":{"0":{"start":{"line":3,"column":0},"end":{"line":3,"column":32}},"1":{"start":{"line":10,"column":36},"end":{"line":23,"column":1}},"2":{"start":{"line":16,"column":25},"end":{"line":20,"column":4}},"3":{"start":{"line":22,"column":2},"end":{"line":22,"column":64}},"4":{"start":{"line":25,"column":0},"end":{"line":25,"column":21}}},"fnMap":{"0":{"name":"(anonymous_0)","decl":{"start":{"line":10,"column":36},"end":{"line":10,"column":37}},"loc":{"start":{"line":14,"column":5},"end":{"line":23,"column":1}}}},"branchMap":{"0":{"loc":{"start":{"line":11,"column":2},"end":{"line":11,"column":18}},"type":"default-arg","locations":[{"start":{"line":11,"column":10},"end":{"line":11,"column":18}}]},"1":{"loc":{"start":{"line":19,"column":6},"end":{"line":19,"column":21}},"type":"binary-expr","locations":[{"start":{"line":19,"column":6},"end":{"line":19,"column":15}},{"start":{"line":19,"column":19},"end":{"line":19,"column":21}}]}},"s":{"0":3,"1":3,"2":121,"3":121,"4":3},"f":{"0":121},"b":{"0":[67],"1":[121,120]}}
,"C:\\Users\\wasab\\planning-project10\\src\\components\\1-atoms\\Label\\label.component.tsx": {"path":"C:\\Users\\wasab\\planning-project10\\src\\components\\1-atoms\\Label\\label.component.tsx","statementMap":{"0":{"start":{"line":3,"column":0},"end":{"line":3,"column":32}},"1":{"start":{"line":8,"column":36},"end":{"line":17,"column":1}},"2":{"start":{"line":10,"column":25},"end":{"line":10,"column":58}},"3":{"start":{"line":12,"column":2},"end":{"line":16,"column":4}},"4":{"start":{"line":19,"column":0},"end":{"line":19,"column":21}}},"fnMap":{"0":{"name":"(anonymous_0)","decl":{"start":{"line":8,"column":36},"end":{"line":8,"column":37}},"loc":{"start":{"line":8,"column":74},"end":{"line":17,"column":1}}}},"branchMap":{"0":{"loc":{"start":{"line":10,"column":41},"end":{"line":10,"column":56}},"type":"binary-expr","locations":[{"start":{"line":10,"column":41},"end":{"line":10,"column":50}},{"start":{"line":10,"column":54},"end":{"line":10,"column":56}}]}},"s":{"0":3,"1":3,"2":119,"3":119,"4":3},"f":{"0":119},"b":{"0":[119,118]}}
,"C:\\Users\\wasab\\planning-project10\\src\\components\\1-atoms\\RadioButton\\radio-button.component.tsx": {"path":"C:\\Users\\wasab\\planning-project10\\src\\components\\1-atoms\\RadioButton\\radio-button.component.tsx","statementMap":{"0":{"start":{"line":3,"column":0},"end":{"line":3,"column":39}},"1":{"start":{"line":9,"column":48},"end":{"line":17,"column":1}},"2":{"start":{"line":10,"column":2},"end":{"line":16,"column":4}},"3":{"start":{"line":19,"column":0},"end":{"line":19,"column":27}}},"fnMap":{"0":{"name":"(anonymous_0)","decl":{"start":{"line":9,"column":48},"end":{"line":9,"column":49}},"loc":{"start":{"line":9,"column":76},"end":{"line":17,"column":1}}}},"branchMap":{},"s":{"0":2,"1":2,"2":128,"3":2},"f":{"0":128},"b":{}}
,"C:\\Users\\wasab\\planning-project10\\src\\components\\1-atoms\\VotingCard\\voting-card.component.tsx": {"path":"C:\\Users\\wasab\\planning-project10\\src\\components\\1-atoms\\VotingCard\\voting-card.component.tsx","statementMap":{"0":{"start":{"line":4,"column":0},"end":{"line":4,"column":38}},"1":{"start":{"line":15,"column":19},"end":{"line":23,"column":null}},"2":{"start":{"line":16,"column":2},"end":{"line":22,"column":null}},"3":{"start":{"line":27,"column":21},"end":{"line":30,"column":null}},"4":{"start":{"line":28,"column":2},"end":{"line":28,"column":null}},"5":{"start":{"line":33,"column":46},"end":{"line":64,"column":1}},"6":{"start":{"line":39,"column":24},"end":{"line":43,"column":10}},"7":{"start":{"line":45,"column":22},"end":{"line":49,"column":3}},"8":{"start":{"line":46,"column":4},"end":{"line":46,"column":45}},"9":{"start":{"line":46,"column":23},"end":{"line":46,"column":45}},"10":{"start":{"line":47,"column":4},"end":{"line":47,"column":47}},"11":{"start":{"line":47,"column":23},"end":{"line":47,"column":47}},"12":{"start":{"line":48,"column":4},"end":{"line":48,"column":17}},"13":{"start":{"line":52,"column":22},"end":{"line":56,"column":3}},"14":{"start":{"line":53,"column":4},"end":{"line":55,"column":5}},"15":{"start":{"line":54,"column":6},"end":{"line":54,"column":21}},"16":{"start":{"line":59,"column":2},"end":{"line":63,"column":4}},"17":{"start":{"line":66,"column":0},"end":{"line":66,"column":26}}},"fnMap":{"0":{"name":"(anonymous_0)","decl":{"start":{"line":15,"column":19},"end":{"line":15,"column":22}},"loc":{"start":{"line":16,"column":2},"end":{"line":22,"column":null}}},"1":{"name":"(anonymous_1)","decl":{"start":{"line":27,"column":21},"end":{"line":27,"column":24}},"loc":{"start":{"line":28,"column":2},"end":{"line":28,"column":null}}},"2":{"name":"(anonymous_2)","decl":{"start":{"line":33,"column":46},"end":{"line":33,"column":47}},"loc":{"start":{"line":37,"column":5},"end":{"line":64,"column":1}}},"3":{"name":"(anonymous_3)","decl":{"start":{"line":45,"column":22},"end":{"line":45,"column":25}},"loc":{"start":{"line":45,"column":27},"end":{"line":49,"column":3}}},"4":{"name":"(anonymous_4)","decl":{"start":{"line":52,"column":22},"end":{"line":52,"column":25}},"loc":{"start":{"line":52,"column":27},"end":{"line":56,"column":3}}}},"branchMap":{"0":{"loc":{"start":{"line":41,"column":6},"end":{"line":41,"column":47}},"type":"cond-expr","locations":[{"start":{"line":41,"column":19},"end":{"line":41,"column":42}},{"start":{"line":41,"column":45},"end":{"line":41,"column":47}}]},"1":{"loc":{"start":{"line":42,"column":6},"end":{"line":42,"column":50}},"type":"cond-expr","locations":[{"start":{"line":42,"column":17},"end":{"line":42,"column":45}},{"start":{"line":42,"column":48},"end":{"line":42,"column":50}}]},"2":{"loc":{"start":{"line":46,"column":4},"end":{"line":46,"column":45}},"type":"if","locations":[{"start":{"line":46,"column":4},"end":{"line":46,"column":45}}]},"3":{"loc":{"start":{"line":47,"column":4},"end":{"line":47,"column":47}},"type":"if","locations":[{"start":{"line":47,"column":4},"end":{"line":47,"column":47}}]},"4":{"loc":{"start":{"line":53,"column":4},"end":{"line":55,"column":5}},"type":"if","locations":[{"start":{"line":53,"column":4},"end":{"line":55,"column":5}}]}},"s":{"0":1,"1":1,"2":1,"3":1,"4":0,"5":1,"6":9,"7":9,"8":9,"9":1,"10":8,"11":0,"12":8,"13":9,"14":3,"15":2,"16":9,"17":1},"f":{"0":1,"1":0,"2":9,"3":9,"4":3},"b":{"0":[1,8],"1":[7,2],"2":[1],"3":[0],"4":[2]}}
,"C:\\Users\\wasab\\planning-project10\\src\\components\\2-molecules\\CardDeck\\card-deck.component.tsx": {"path":"C:\\Users\\wasab\\planning-project10\\src\\components\\2-molecules\\CardDeck\\card-deck.component.tsx","statementMap":{"0":{"start":{"line":3,"column":0},"end":{"line":3,"column":72}},"1":{"start":{"line":5,"column":0},"end":{"line":5,"column":36}},"2":{"start":{"line":12,"column":33},"end":{"line":12,"column":78}},"3":{"start":{"line":14,"column":42},"end":{"line":32,"column":1}},"4":{"start":{"line":15,"column":2},"end":{"line":31,"column":4}},"5":{"start":{"line":22,"column":10},"end":{"line":23,"column":null}},"6":{"start":{"line":26,"column":27},"end":{"line":26,"column":46}},"7":{"start":{"line":34,"column":0},"end":{"line":34,"column":24}}},"fnMap":{"0":{"name":"(anonymous_1)","decl":{"start":{"line":14,"column":42},"end":{"line":14,"column":43}},"loc":{"start":{"line":14,"column":78},"end":{"line":32,"column":1}}},"1":{"name":"(anonymous_2)","decl":{"start":{"line":21,"column":25},"end":{"line":21,"column":26}},"loc":{"start":{"line":22,"column":10},"end":{"line":23,"column":null}}},"2":{"name":"(anonymous_3)","decl":{"start":{"line":26,"column":21},"end":{"line":26,"column":24}},"loc":{"start":{"line":26,"column":27},"end":{"line":26,"column":46}}}},"branchMap":{},"s":{"0":1,"1":1,"2":1,"3":1,"4":5,"5":60,"6":2,"7":1},"f":{"0":5,"1":60,"2":2},"b":{}}
,"C:\\Users\\wasab\\planning-project10\\src\\components\\2-molecules\\CardPlaceholder\\card-placeholder.component.tsx": {"path":"C:\\Users\\wasab\\planning-project10\\src\\components\\2-molecules\\CardPlaceholder\\card-placeholder.component.tsx","statementMap":{"0":{"start":{"line":4,"column":0},"end":{"line":4,"column":43}},"1":{"start":{"line":10,"column":56},"end":{"line":24,"column":1}},"2":{"start":{"line":11,"column":2},"end":{"line":23,"column":4}},"3":{"start":{"line":26,"column":0},"end":{"line":26,"column":31}}},"fnMap":{"0":{"name":"(anonymous_0)","decl":{"start":{"line":10,"column":56},"end":{"line":10,"column":57}},"loc":{"start":{"line":10,"column":73},"end":{"line":24,"column":1}}}},"branchMap":{"0":{"loc":{"start":{"line":14,"column":37},"end":{"line":14,"column":78}},"type":"cond-expr","locations":[{"start":{"line":14,"column":48},"end":{"line":14,"column":73}},{"start":{"line":14,"column":76},"end":{"line":14,"column":78}}]},"1":{"loc":{"start":{"line":16,"column":7},"end":{"line":20,"column":null}},"type":"binary-expr","locations":[{"start":{"line":16,"column":7},"end":{"line":16,"column":15}},{"start":{"line":17,"column":8},"end":{"line":19,"column":null}}]}},"s":{"0":1,"1":1,"2":2,"3":1},"f":{"0":2},"b":{"0":[1,1],"1":[2,1]}}
,"C:\\Users\\wasab\\planning-project10\\src\\components\\2-molecules\\CreateGameForm\\create-game-form.component.tsx": {"path":"C:\\Users\\wasab\\planning-project10\\src\\components\\2-molecules\\CreateGameForm\\create-game-form.component.tsx","statementMap":{"0":{"start":{"line":2,"column":0},"end":{"line":2,"column":40}},"1":{"start":{"line":3,"column":0},"end":{"line":3,"column":56}},"2":{"start":{"line":4,"column":0},"end":{"line":4,"column":59}},"3":{"start":{"line":5,"column":0},"end":{"line":5,"column":61}},"4":{"start":{"line":6,"column":0},"end":{"line":6,"column":56}},"5":{"start":{"line":7,"column":0},"end":{"line":7,"column":43}},"6":{"start":{"line":13,"column":54},"end":{"line":54,"column":1}},"7":{"start":{"line":14,"column":34},"end":{"line":14,"column":46}},"8":{"start":{"line":15,"column":28},"end":{"line":15,"column":57}},"9":{"start":{"line":17,"column":23},"end":{"line":31,"column":3}},"10":{"start":{"line":18,"column":4},"end":{"line":18,"column":27}},"11":{"start":{"line":21,"column":28},"end":{"line":21,"column":54}},"12":{"start":{"line":23,"column":4},"end":{"line":30,"column":5}},"13":{"start":{"line":25,"column":6},"end":{"line":25,"column":32}},"14":{"start":{"line":28,"column":6},"end":{"line":28,"column":21}},"15":{"start":{"line":29,"column":6},"end":{"line":29,"column":37}},"16":{"start":{"line":33,"column":2},"end":{"line":53,"column":4}},"17":{"start":{"line":41,"column":27},"end":{"line":41,"column":54}},"18":{"start":{"line":56,"column":0},"end":{"line":56,"column":30}}},"fnMap":{"0":{"name":"(anonymous_1)","decl":{"start":{"line":13,"column":54},"end":{"line":13,"column":55}},"loc":{"start":{"line":13,"column":76},"end":{"line":54,"column":1}}},"1":{"name":"(anonymous_2)","decl":{"start":{"line":17,"column":23},"end":{"line":17,"column":24}},"loc":{"start":{"line":17,"column":50},"end":{"line":31,"column":3}}},"2":{"name":"(anonymous_3)","decl":{"start":{"line":41,"column":20},"end":{"line":41,"column":21}},"loc":{"start":{"line":41,"column":27},"end":{"line":41,"column":54}}}},"branchMap":{"0":{"loc":{"start":{"line":23,"column":4},"end":{"line":30,"column":5}},"type":"if","locations":[{"start":{"line":23,"column":4},"end":{"line":30,"column":5}},{"start":{"line":26,"column":11},"end":{"line":30,"column":5}}]},"1":{"loc":{"start":{"line":48,"column":7},"end":{"line":48,"column":66}},"type":"binary-expr","locations":[{"start":{"line":48,"column":7},"end":{"line":48,"column":12}},{"start":{"line":48,"column":16},"end":{"line":48,"column":66}}]}},"s":{"0":1,"1":1,"2":1,"3":1,"4":1,"5":1,"6":1,"7":54,"8":54,"9":54,"10":4,"11":4,"12":4,"13":2,"14":2,"15":2,"16":54,"17":45,"18":1},"f":{"0":54,"1":4,"2":45},"b":{"0":[2,2],"1":[54,17]}}
,"C:\\Users\\wasab\\planning-project10\\src\\components\\2-molecules\\InvitePlayers\\invite-players.component.tsx": {"path":"C:\\Users\\wasab\\planning-project10\\src\\components\\2-molecules\\InvitePlayers\\invite-players.component.tsx","statementMap":{"0":{"start":{"line":2,"column":0},"end":{"line":2,"column":40}},"1":{"start":{"line":3,"column":0},"end":{"line":3,"column":59}},"2":{"start":{"line":4,"column":0},"end":{"line":4,"column":41}},"3":{"start":{"line":10,"column":52},"end":{"line":40,"column":1}},"4":{"start":{"line":11,"column":38},"end":{"line":11,"column":61}},"5":{"start":{"line":13,"column":21},"end":{"line":13,"column":58}},"6":{"start":{"line":15,"column":25},"end":{"line":24,"column":3}},"7":{"start":{"line":16,"column":4},"end":{"line":23,"column":5}},"8":{"start":{"line":17,"column":6},"end":{"line":17,"column":54}},"9":{"start":{"line":18,"column":6},"end":{"line":18,"column":32}},"10":{"start":{"line":19,"column":6},"end":{"line":19,"column":59}},"11":{"start":{"line":19,"column":23},"end":{"line":19,"column":51}},"12":{"start":{"line":21,"column":6},"end":{"line":21,"column":45}},"13":{"start":{"line":22,"column":6},"end":{"line":22,"column":39}},"14":{"start":{"line":26,"column":2},"end":{"line":39,"column":4}},"15":{"start":{"line":42,"column":0},"end":{"line":42,"column":29}}},"fnMap":{"0":{"name":"(anonymous_1)","decl":{"start":{"line":10,"column":52},"end":{"line":10,"column":53}},"loc":{"start":{"line":10,"column":67},"end":{"line":40,"column":1}}},"1":{"name":"(anonymous_2)","decl":{"start":{"line":15,"column":25},"end":{"line":15,"column":30}},"loc":{"start":{"line":15,"column":36},"end":{"line":24,"column":3}}},"2":{"name":"(anonymous_3)","decl":{"start":{"line":19,"column":17},"end":{"line":19,"column":20}},"loc":{"start":{"line":19,"column":23},"end":{"line":19,"column":51}}}},"branchMap":{},"s":{"0":1,"1":1,"2":1,"3":1,"4":3,"5":3,"6":3,"7":1,"8":1,"9":1,"10":1,"11":0,"12":0,"13":0,"14":3,"15":1},"f":{"0":3,"1":1,"2":0},"b":{}}
,"C:\\Users\\wasab\\planning-project10\\src\\components\\2-molecules\\JoinGameForm\\join-game-form.component.tsx": {"path":"C:\\Users\\wasab\\planning-project10\\src\\components\\2-molecules\\JoinGameForm\\join-game-form.component.tsx","statementMap":{"0":{"start":{"line":2,"column":0},"end":{"line":2,"column":40}},"1":{"start":{"line":3,"column":0},"end":{"line":3,"column":56}},"2":{"start":{"line":4,"column":0},"end":{"line":4,"column":59}},"3":{"start":{"line":5,"column":0},"end":{"line":5,"column":75}},"4":{"start":{"line":6,"column":0},"end":{"line":6,"column":56}},"5":{"start":{"line":7,"column":0},"end":{"line":7,"column":61}},"6":{"start":{"line":8,"column":0},"end":{"line":8,"column":41}},"7":{"start":{"line":16,"column":50},"end":{"line":71,"column":1}},"8":{"start":{"line":17,"column":38},"end":{"line":17,"column":50}},"9":{"start":{"line":18,"column":38},"end":{"line":18,"column":68}},"10":{"start":{"line":19,"column":28},"end":{"line":19,"column":57}},"11":{"start":{"line":21,"column":23},"end":{"line":31,"column":3}},"12":{"start":{"line":22,"column":4},"end":{"line":22,"column":23}},"13":{"start":{"line":23,"column":28},"end":{"line":23,"column":56}},"14":{"start":{"line":25,"column":4},"end":{"line":30,"column":5}},"15":{"start":{"line":26,"column":6},"end":{"line":26,"column":32}},"16":{"start":{"line":28,"column":6},"end":{"line":28,"column":21}},"17":{"start":{"line":29,"column":6},"end":{"line":29,"column":51}},"18":{"start":{"line":33,"column":2},"end":{"line":70,"column":4}},"19":{"start":{"line":40,"column":27},"end":{"line":40,"column":56}},"20":{"start":{"line":54,"column":26},"end":{"line":54,"column":49}},"21":{"start":{"line":62,"column":26},"end":{"line":62,"column":52}},"22":{"start":{"line":73,"column":0},"end":{"line":73,"column":28}}},"fnMap":{"0":{"name":"(anonymous_1)","decl":{"start":{"line":16,"column":50},"end":{"line":16,"column":51}},"loc":{"start":{"line":16,"column":72},"end":{"line":71,"column":1}}},"1":{"name":"(anonymous_2)","decl":{"start":{"line":21,"column":23},"end":{"line":21,"column":24}},"loc":{"start":{"line":21,"column":46},"end":{"line":31,"column":3}}},"2":{"name":"(anonymous_3)","decl":{"start":{"line":40,"column":20},"end":{"line":40,"column":21}},"loc":{"start":{"line":40,"column":27},"end":{"line":40,"column":56}}},"3":{"name":"(anonymous_4)","decl":{"start":{"line":54,"column":20},"end":{"line":54,"column":23}},"loc":{"start":{"line":54,"column":26},"end":{"line":54,"column":49}}},"4":{"name":"(anonymous_5)","decl":{"start":{"line":62,"column":20},"end":{"line":62,"column":23}},"loc":{"start":{"line":62,"column":26},"end":{"line":62,"column":52}}}},"branchMap":{"0":{"loc":{"start":{"line":25,"column":4},"end":{"line":30,"column":5}},"type":"if","locations":[{"start":{"line":25,"column":4},"end":{"line":30,"column":5}},{"start":{"line":27,"column":11},"end":{"line":30,"column":5}}]},"1":{"loc":{"start":{"line":45,"column":7},"end":{"line":45,"column":64}},"type":"binary-expr","locations":[{"start":{"line":45,"column":7},"end":{"line":45,"column":12}},{"start":{"line":45,"column":16},"end":{"line":45,"column":64}}]}},"s":{"0":1,"1":1,"2":1,"3":1,"4":1,"5":1,"6":1,"7":1,"8":63,"9":63,"10":63,"11":63,"12":5,"13":5,"14":5,"15":2,"16":3,"17":3,"18":63,"19":50,"20":0,"21":2,"22":1},"f":{"0":63,"1":5,"2":50,"3":0,"4":2},"b":{"0":[2,3],"1":[63,18]}}
,"C:\\Users\\wasab\\planning-project10\\src\\components\\2-molecules\\PlayerSeat\\player-seat.component.tsx": {"path":"C:\\Users\\wasab\\planning-project10\\src\\components\\2-molecules\\PlayerSeat\\player-seat.component.tsx","statementMap":{"0":{"start":{"line":3,"column":0},"end":{"line":3,"column":59}},"1":{"start":{"line":5,"column":0},"end":{"line":5,"column":38}},"2":{"start":{"line":16,"column":46},"end":{"line":63,"column":1}},"3":{"start":{"line":24,"column":25},"end":{"line":24,"column":80}},"4":{"start":{"line":31,"column":2},"end":{"line":54,"column":3}},"5":{"start":{"line":32,"column":4},"end":{"line":36,"column":6}},"6":{"start":{"line":39,"column":7},"end":{"line":54,"column":3}},"7":{"start":{"line":40,"column":4},"end":{"line":40,"column":73}},"8":{"start":{"line":44,"column":4},"end":{"line":53,"column":6}},"9":{"start":{"line":57,"column":2},"end":{"line":62,"column":4}},"10":{"start":{"line":65,"column":0},"end":{"line":65,"column":26}}},"fnMap":{"0":{"name":"(anonymous_1)","decl":{"start":{"line":16,"column":46},"end":{"line":16,"column":47}},"loc":{"start":{"line":23,"column":5},"end":{"line":63,"column":1}}}},"branchMap":{"0":{"loc":{"start":{"line":24,"column":40},"end":{"line":24,"column":78}},"type":"cond-expr","locations":[{"start":{"line":24,"column":56},"end":{"line":24,"column":73}},{"start":{"line":24,"column":76},"end":{"line":24,"column":78}}]},"1":{"loc":{"start":{"line":31,"column":2},"end":{"line":54,"column":3}},"type":"if","locations":[{"start":{"line":31,"column":2},"end":{"line":54,"column":3}},{"start":{"line":39,"column":7},"end":{"line":54,"column":3}}]},"2":{"loc":{"start":{"line":31,"column":6},"end":{"line":31,"column":48}},"type":"binary-expr","locations":[{"start":{"line":31,"column":6},"end":{"line":31,"column":26}},{"start":{"line":31,"column":30},"end":{"line":31,"column":48}}]},"3":{"loc":{"start":{"line":39,"column":7},"end":{"line":54,"column":3}},"type":"if","locations":[{"start":{"line":39,"column":7},"end":{"line":54,"column":3}},{"start":{"line":43,"column":7},"end":{"line":54,"column":3}}]},"4":{"loc":{"start":{"line":48,"column":10},"end":{"line":48,"column":null}},"type":"cond-expr","locations":[{"start":{"line":48,"column":21},"end":{"line":48,"column":46}},{"start":{"line":48,"column":49},"end":{"line":48,"column":null}}]}},"s":{"0":1,"1":1,"2":1,"3":7,"4":7,"5":1,"6":6,"7":2,"8":4,"9":7,"10":1},"f":{"0":7},"b":{"0":[2,5],"1":[1,6],"2":[7,2],"3":[2,4],"4":[1,3]}}
,"C:\\Users\\wasab\\planning-project10\\src\\components\\2-molecules\\PragmaLogo\\pragma-logo.component.tsx": {"path":"C:\\Users\\wasab\\planning-project10\\src\\components\\2-molecules\\PragmaLogo\\pragma-logo.component.tsx","statementMap":{"0":{"start":{"line":11,"column":46},"end":{"line":111,"column":null}},"1":{"start":{"line":16,"column":2},"end":{"line":110,"column":null}},"2":{"start":{"line":114,"column":0},"end":{"line":114,"column":26}}},"fnMap":{"0":{"name":"(anonymous_0)","decl":{"start":{"line":11,"column":46},"end":{"line":11,"column":47}},"loc":{"start":{"line":16,"column":2},"end":{"line":110,"column":null}}}},"branchMap":{"0":{"loc":{"start":{"line":12,"column":2},"end":{"line":12,"column":17}},"type":"default-arg","locations":[{"start":{"line":12,"column":13},"end":{"line":12,"column":17}}]},"1":{"loc":{"start":{"line":13,"column":2},"end":{"line":13,"column":17}},"type":"default-arg","locations":[{"start":{"line":13,"column":13},"end":{"line":13,"column":17}}]},"2":{"loc":{"start":{"line":14,"column":2},"end":{"line":14,"column":16}},"type":"default-arg","locations":[{"start":{"line":14,"column":13},"end":{"line":14,"column":16}}]},"3":{"loc":{"start":{"line":17,"column":11},"end":{"line":17,"column":36}},"type":"cond-expr","locations":[{"start":{"line":17,"column":22},"end":{"line":17,"column":25}},{"start":{"line":17,"column":28},"end":{"line":17,"column":36}}]},"4":{"loc":{"start":{"line":18,"column":12},"end":{"line":18,"column":37}},"type":"cond-expr","locations":[{"start":{"line":18,"column":23},"end":{"line":18,"column":26}},{"start":{"line":18,"column":29},"end":{"line":18,"column":37}}]},"5":{"loc":{"start":{"line":19,"column":13},"end":{"line":19,"column":53}},"type":"cond-expr","locations":[{"start":{"line":19,"column":24},"end":{"line":19,"column":37}},{"start":{"line":19,"column":40},"end":{"line":19,"column":53}}]},"6":{"loc":{"start":{"line":25,"column":5},"end":{"line":98,"column":null}},"type":"binary-expr","locations":[{"start":{"line":25,"column":5},"end":{"line":25,"column":13}},{"start":{"line":26,"column":6},"end":{"line":97,"column":null}}]},"7":{"loc":{"start":{"line":102,"column":5},"end":{"line":109,"column":null}},"type":"binary-expr","locations":[{"start":{"line":102,"column":5},"end":{"line":102,"column":13}},{"start":{"line":103,"column":6},"end":{"line":108,"column":null}}]}},"s":{"0":0,"1":0,"2":0},"f":{"0":0},"b":{"0":[0],"1":[0],"2":[0],"3":[0,0],"4":[0,0],"5":[0,0],"6":[0,0],"7":[0,0]}}
,"C:\\Users\\wasab\\planning-project10\\src\\components\\2-molecules\\VoteCounterLoader\\vote-counter-loader.component.tsx": {"path":"C:\\Users\\wasab\\planning-project10\\src\\components\\2-molecules\\VoteCounterLoader\\vote-counter-loader.component.tsx","statementMap":{"0":{"start":{"line":3,"column":0},"end":{"line":3,"column":46}},"1":{"start":{"line":5,"column":36},"end":{"line":17,"column":1}},"2":{"start":{"line":6,"column":2},"end":{"line":16,"column":4}},"3":{"start":{"line":19,"column":0},"end":{"line":19,"column":33}}},"fnMap":{"0":{"name":"(anonymous_0)","decl":{"start":{"line":5,"column":36},"end":{"line":5,"column":39}},"loc":{"start":{"line":5,"column":41},"end":{"line":17,"column":1}}}},"branchMap":{},"s":{"0":1,"1":1,"2":3,"3":1},"f":{"0":3},"b":{}}
,"C:\\Users\\wasab\\planning-project10\\src\\components\\2-molecules\\VoteResults\\vote-results.component.tsx": {"path":"C:\\Users\\wasab\\planning-project10\\src\\components\\2-molecules\\VoteResults\\vote-results.component.tsx","statementMap":{"0":{"start":{"line":3,"column":0},"end":{"line":3,"column":72}},"1":{"start":{"line":5,"column":0},"end":{"line":5,"column":39}},"2":{"start":{"line":12,"column":48},"end":{"line":39,"column":1}},"3":{"start":{"line":13,"column":2},"end":{"line":38,"column":4}},"4":{"start":{"line":19,"column":12},"end":{"line":19,"column":69}},"5":{"start":{"line":22,"column":10},"end":{"line":30,"column":12}},"6":{"start":{"line":41,"column":0},"end":{"line":41,"column":27}}},"fnMap":{"0":{"name":"(anonymous_1)","decl":{"start":{"line":12,"column":48},"end":{"line":12,"column":49}},"loc":{"start":{"line":12,"column":76},"end":{"line":39,"column":1}}},"1":{"name":"(anonymous_2)","decl":{"start":{"line":16,"column":40},"end":{"line":16,"column":41}},"loc":{"start":{"line":16,"column":59},"end":{"line":31,"column":9}}}},"branchMap":{"0":{"loc":{"start":{"line":19,"column":12},"end":{"line":19,"column":69}},"type":"cond-expr","locations":[{"start":{"line":19,"column":42},"end":{"line":19,"column":61}},{"start":{"line":19,"column":64},"end":{"line":19,"column":69}}]},"1":{"loc":{"start":{"line":27,"column":29},"end":{"line":27,"column":49}},"type":"cond-expr","locations":[{"start":{"line":27,"column":41},"end":{"line":27,"column":44}},{"start":{"line":27,"column":47},"end":{"line":27,"column":49}}]}},"s":{"0":1,"1":1,"2":1,"3":4,"4":5,"5":5,"6":1},"f":{"0":4,"1":5},"b":{"0":[4,1],"1":[3,2]}}
,"C:\\Users\\wasab\\planning-project10\\src\\components\\3-organisms\\GameBoard\\GameBoardFooter.tsx": {"path":"C:\\Users\\wasab\\planning-project10\\src\\components\\3-organisms\\GameBoard\\GameBoardFooter.tsx","statementMap":{"0":{"start":{"line":3,"column":0},"end":{"line":3,"column":70}},"1":{"start":{"line":4,"column":0},"end":{"line":4,"column":79}},"2":{"start":{"line":7,"column":0},"end":{"line":7,"column":37}},"3":{"start":{"line":16,"column":56},"end":{"line":29,"column":null}},"4":{"start":{"line":22,"column":2},"end":{"line":28,"column":null}},"5":{"start":{"line":32,"column":0},"end":{"line":32,"column":31}}},"fnMap":{"0":{"name":"(anonymous_1)","decl":{"start":{"line":16,"column":56},"end":{"line":16,"column":57}},"loc":{"start":{"line":22,"column":2},"end":{"line":28,"column":null}}}},"branchMap":{"0":{"loc":{"start":{"line":23,"column":5},"end":{"line":24,"column":null}},"type":"binary-expr","locations":[{"start":{"line":23,"column":5},"end":{"line":23,"column":27}},{"start":{"line":24,"column":6},"end":{"line":24,"column":76}}]},"1":{"loc":{"start":{"line":26,"column":5},"end":{"line":27,"column":null}},"type":"binary-expr","locations":[{"start":{"line":26,"column":5},"end":{"line":26,"column":29}},{"start":{"line":27,"column":6},"end":{"line":27,"column":87}}]}},"s":{"0":1,"1":1,"2":1,"3":1,"4":5,"5":1},"f":{"0":5},"b":{"0":[5,2],"1":[5,2]}}
,"C:\\Users\\wasab\\planning-project10\\src\\components\\3-organisms\\GameBoard\\GameBoardHeader.tsx": {"path":"C:\\Users\\wasab\\planning-project10\\src\\components\\3-organisms\\GameBoard\\GameBoardHeader.tsx","statementMap":{"0":{"start":{"line":3,"column":0},"end":{"line":3,"column":76}},"1":{"start":{"line":4,"column":0},"end":{"line":4,"column":59}},"2":{"start":{"line":5,"column":0},"end":{"line":5,"column":59}},"3":{"start":{"line":6,"column":0},"end":{"line":6,"column":37}},"4":{"start":{"line":9,"column":20},"end":{"line":14,"column":1}},"5":{"start":{"line":10,"column":2},"end":{"line":10,"column":51}},"6":{"start":{"line":10,"column":41},"end":{"line":10,"column":51}},"7":{"start":{"line":11,"column":16},"end":{"line":11,"column":52}},"8":{"start":{"line":12,"column":2},"end":{"line":12,"column":54}},"9":{"start":{"line":12,"column":26},"end":{"line":12,"column":54}},"10":{"start":{"line":13,"column":2},"end":{"line":13,"column":35}},"11":{"start":{"line":22,"column":56},"end":{"line":30,"column":null}},"12":{"start":{"line":23,"column":2},"end":{"line":29,"column":null}},"13":{"start":{"line":33,"column":0},"end":{"line":33,"column":31}}},"fnMap":{"0":{"name":"(anonymous_1)","decl":{"start":{"line":9,"column":20},"end":{"line":9,"column":21}},"loc":{"start":{"line":9,"column":45},"end":{"line":14,"column":1}}},"1":{"name":"(anonymous_2)","decl":{"start":{"line":22,"column":56},"end":{"line":22,"column":57}},"loc":{"start":{"line":23,"column":2},"end":{"line":29,"column":null}}}},"branchMap":{"0":{"loc":{"start":{"line":10,"column":2},"end":{"line":10,"column":51}},"type":"if","locations":[{"start":{"line":10,"column":2},"end":{"line":10,"column":51}}]},"1":{"loc":{"start":{"line":10,"column":6},"end":{"line":10,"column":39}},"type":"binary-expr","locations":[{"start":{"line":10,"column":6},"end":{"line":10,"column":11}},{"start":{"line":10,"column":15},"end":{"line":10,"column":39}}]},"2":{"loc":{"start":{"line":12,"column":2},"end":{"line":12,"column":54}},"type":"if","locations":[{"start":{"line":12,"column":2},"end":{"line":12,"column":54}}]}},"s":{"0":1,"1":1,"2":1,"3":1,"4":1,"5":9,"6":1,"7":8,"8":8,"9":1,"10":7,"11":1,"12":9,"13":1},"f":{"0":9,"1":9},"b":{"0":[1],"1":[9,8],"2":[1]}}
,"C:\\Users\\wasab\\planning-project10\\src\\components\\3-organisms\\GameBoard\\PokerTable.tsx": {"path":"C:\\Users\\wasab\\planning-project10\\src\\components\\3-organisms\\GameBoard\\PokerTable.tsx","statementMap":{"0":{"start":{"line":5,"column":0},"end":{"line":5,"column":76}},"1":{"start":{"line":6,"column":0},"end":{"line":6,"column":59}},"2":{"start":{"line":7,"column":0},"end":{"line":7,"column":98}},"3":{"start":{"line":11,"column":0},"end":{"line":11,"column":54}},"4":{"start":{"line":12,"column":0},"end":{"line":12,"column":37}},"5":{"start":{"line":15,"column":20},"end":{"line":20,"column":1}},"6":{"start":{"line":16,"column":2},"end":{"line":16,"column":51}},"7":{"start":{"line":16,"column":41},"end":{"line":16,"column":51}},"8":{"start":{"line":17,"column":16},"end":{"line":17,"column":52}},"9":{"start":{"line":18,"column":2},"end":{"line":18,"column":54}},"10":{"start":{"line":18,"column":26},"end":{"line":18,"column":54}},"11":{"start":{"line":19,"column":2},"end":{"line":19,"column":35}},"12":{"start":{"line":23,"column":31},"end":{"line":27,"column":2}},"13":{"start":{"line":29,"column":30},"end":{"line":44,"column":2}},"14":{"start":{"line":56,"column":46},"end":{"line":116,"column":1}},"15":{"start":{"line":66,"column":33},"end":{"line":66,"column":48}},"16":{"start":{"line":67,"column":30},"end":{"line":67,"column":97}},"17":{"start":{"line":69,"column":26},"end":{"line":69,"column":71}},"18":{"start":{"line":69,"column":44},"end":{"line":69,"column":70}},"19":{"start":{"line":70,"column":23},"end":{"line":70,"column":70}},"20":{"start":{"line":70,"column":43},"end":{"line":70,"column":69}},"21":{"start":{"line":72,"column":2},"end":{"line":115,"column":4}},"22":{"start":{"line":99,"column":25},"end":{"line":99,"column":51}},"23":{"start":{"line":100,"column":8},"end":{"line":100,"column":35}},"24":{"start":{"line":100,"column":23},"end":{"line":100,"column":35}},"25":{"start":{"line":101,"column":8},"end":{"line":112,"column":10}},"26":{"start":{"line":118,"column":0},"end":{"line":118,"column":26}}},"fnMap":{"0":{"name":"(anonymous_1)","decl":{"start":{"line":15,"column":20},"end":{"line":15,"column":21}},"loc":{"start":{"line":15,"column":45},"end":{"line":20,"column":1}}},"1":{"name":"(anonymous_2)","decl":{"start":{"line":56,"column":46},"end":{"line":56,"column":47}},"loc":{"start":{"line":64,"column":5},"end":{"line":116,"column":1}}},"2":{"name":"(anonymous_3)","decl":{"start":{"line":69,"column":39},"end":{"line":69,"column":40}},"loc":{"start":{"line":69,"column":44},"end":{"line":69,"column":70}}},"3":{"name":"(anonymous_4)","decl":{"start":{"line":70,"column":38},"end":{"line":70,"column":39}},"loc":{"start":{"line":70,"column":43},"end":{"line":70,"column":69}}},"4":{"name":"(anonymous_5)","decl":{"start":{"line":98,"column":24},"end":{"line":98,"column":25}},"loc":{"start":{"line":98,"column":37},"end":{"line":113,"column":7}}}},"branchMap":{"0":{"loc":{"start":{"line":16,"column":2},"end":{"line":16,"column":51}},"type":"if","locations":[{"start":{"line":16,"column":2},"end":{"line":16,"column":51}}]},"1":{"loc":{"start":{"line":16,"column":6},"end":{"line":16,"column":39}},"type":"binary-expr","locations":[{"start":{"line":16,"column":6},"end":{"line":16,"column":11}},{"start":{"line":16,"column":15},"end":{"line":16,"column":39}}]},"2":{"loc":{"start":{"line":18,"column":2},"end":{"line":18,"column":54}},"type":"if","locations":[{"start":{"line":18,"column":2},"end":{"line":18,"column":54}}]},"3":{"loc":{"start":{"line":67,"column":30},"end":{"line":67,"column":97}},"type":"cond-expr","locations":[{"start":{"line":67,"column":51},"end":{"line":67,"column":72}},{"start":{"line":67,"column":75},"end":{"line":67,"column":97}}]},"4":{"loc":{"start":{"line":75,"column":9},"end":{"line":76,"column":null}},"type":"binary-expr","locations":[{"start":{"line":75,"column":9},"end":{"line":75,"column":31}},{"start":{"line":75,"column":35},"end":{"line":75,"column":49}},{"start":{"line":76,"column":10},"end":{"line":76,"column":79}}]},"5":{"loc":{"start":{"line":78,"column":9},"end":{"line":78,"column":59}},"type":"binary-expr","locations":[{"start":{"line":78,"column":9},"end":{"line":78,"column":34}},{"start":{"line":78,"column":38},"end":{"line":78,"column":59}}]},"6":{"loc":{"start":{"line":79,"column":9},"end":{"line":80,"column":null}},"type":"binary-expr","locations":[{"start":{"line":79,"column":9},"end":{"line":79,"column":33}},{"start":{"line":79,"column":37},"end":{"line":79,"column":43}},{"start":{"line":80,"column":10},"end":{"line":80,"column":75}}]},"7":{"loc":{"start":{"line":84,"column":7},"end":{"line":94,"column":null}},"type":"binary-expr","locations":[{"start":{"line":84,"column":7},"end":{"line":84,"column":22}},{"start":{"line":85,"column":8},"end":{"line":85,"column":40}}]},"8":{"loc":{"start":{"line":100,"column":8},"end":{"line":100,"column":35}},"type":"if","locations":[{"start":{"line":100,"column":8},"end":{"line":100,"column":35}}]}},"s":{"0":1,"1":1,"2":1,"3":1,"4":1,"5":1,"6":24,"7":0,"8":24,"9":24,"10":24,"11":0,"12":1,"13":1,"14":1,"15":8,"16":8,"17":8,"18":8,"19":8,"20":24,"21":8,"22":16,"23":16,"24":0,"25":16,"26":1},"f":{"0":24,"1":8,"2":8,"3":24,"4":16},"b":{"0":[0],"1":[24,24],"2":[24],"3":[1,7],"4":[8,5,2],"5":[8,1],"6":[8,2,2],"7":[8,8],"8":[0]}}
,"C:\\Users\\wasab\\planning-project10\\src\\components\\3-organisms\\GameBoard\\game-board.component.tsx": {"path":"C:\\Users\\wasab\\planning-project10\\src\\components\\3-organisms\\GameBoard\\game-board.component.tsx","statementMap":{"0":{"start":{"line":4,"column":0},"end":{"line":4,"column":40}},"1":{"start":{"line":7,"column":0},"end":{"line":7,"column":48}},"2":{"start":{"line":8,"column":0},"end":{"line":8,"column":38}},"3":{"start":{"line":9,"column":0},"end":{"line":9,"column":48}},"4":{"start":{"line":10,"column":0},"end":{"line":10,"column":45}},"5":{"start":{"line":11,"column":0},"end":{"line":11,"column":85}},"6":{"start":{"line":14,"column":0},"end":{"line":14,"column":75}},"7":{"start":{"line":16,"column":0},"end":{"line":16,"column":37}},"8":{"start":{"line":24,"column":44},"end":{"line":85,"column":1}},"9":{"start":{"line":26,"column":40},"end":{"line":26,"column":55}},"10":{"start":{"line":39,"column":6},"end":{"line":39,"column":41}},"11":{"start":{"line":42,"column":2},"end":{"line":44,"column":3}},"12":{"start":{"line":43,"column":4},"end":{"line":43,"column":62}},"13":{"start":{"line":47,"column":25},"end":{"line":47,"column":69}},"14":{"start":{"line":49,"column":2},"end":{"line":84,"column":4}},"15":{"start":{"line":56,"column":31},"end":{"line":56,"column":51}},"16":{"start":{"line":80,"column":75},"end":{"line":80,"column":96}},"17":{"start":{"line":87,"column":0},"end":{"line":87,"column":25}}},"fnMap":{"0":{"name":"(anonymous_1)","decl":{"start":{"line":24,"column":44},"end":{"line":24,"column":45}},"loc":{"start":{"line":24,"column":69},"end":{"line":85,"column":1}}},"1":{"name":"(anonymous_2)","decl":{"start":{"line":56,"column":25},"end":{"line":56,"column":28}},"loc":{"start":{"line":56,"column":31},"end":{"line":56,"column":51}}},"2":{"name":"(anonymous_3)","decl":{"start":{"line":80,"column":69},"end":{"line":80,"column":72}},"loc":{"start":{"line":80,"column":75},"end":{"line":80,"column":96}}}},"branchMap":{"0":{"loc":{"start":{"line":42,"column":2},"end":{"line":44,"column":3}},"type":"if","locations":[{"start":{"line":42,"column":2},"end":{"line":44,"column":3}}]},"1":{"loc":{"start":{"line":42,"column":6},"end":{"line":42,"column":40}},"type":"binary-expr","locations":[{"start":{"line":42,"column":6},"end":{"line":42,"column":15}},{"start":{"line":42,"column":19},"end":{"line":42,"column":29}},{"start":{"line":42,"column":33},"end":{"line":42,"column":40}}]},"2":{"loc":{"start":{"line":47,"column":39},"end":{"line":47,"column":67}},"type":"cond-expr","locations":[{"start":{"line":47,"column":53},"end":{"line":47,"column":62}},{"start":{"line":47,"column":65},"end":{"line":47,"column":67}}]}},"s":{"0":0,"1":0,"2":0,"3":0,"4":0,"5":0,"6":0,"7":0,"8":0,"9":0,"10":0,"11":0,"12":0,"13":0,"14":0,"15":0,"16":0,"17":0},"f":{"0":0,"1":0,"2":0},"b":{"0":[0],"1":[0,0,0],"2":[0,0]}}
,"C:\\Users\\wasab\\planning-project10\\src\\components\\3-organisms\\GameBoard\\hooks\\useGameBoardLogic.ts": {"path":"C:\\Users\\wasab\\planning-project10\\src\\components\\3-organisms\\GameBoard\\hooks\\useGameBoardLogic.ts","statementMap":{"0":{"start":{"line":4,"column":0},"end":{"line":4,"column":53}},"1":{"start":{"line":5,"column":0},"end":{"line":5,"column":null}},"2":{"start":{"line":38,"column":33},"end":{"line":116,"column":1}},"3":{"start":{"line":39,"column":36},"end":{"line":39,"column":58}},"4":{"start":{"line":40,"column":36},"end":{"line":40,"column":65}},"5":{"start":{"line":42,"column":2},"end":{"line":44,"column":18}},"6":{"start":{"line":47,"column":20},"end":{"line":47,"column":41}},"7":{"start":{"line":49,"column":17},"end":{"line":49,"column":104}},"8":{"start":{"line":50,"column":25},"end":{"line":50,"column":64}},"9":{"start":{"line":51,"column":28},"end":{"line":51,"column":106}},"10":{"start":{"line":51,"column":71},"end":{"line":51,"column":93}},"11":{"start":{"line":52,"column":26},"end":{"line":52,"column":49}},"12":{"start":{"line":55,"column":22},"end":{"line":78,"column":39}},"13":{"start":{"line":56,"column":4},"end":{"line":58,"column":5}},"14":{"start":{"line":57,"column":6},"end":{"line":57,"column":48}},"15":{"start":{"line":59,"column":35},"end":{"line":59,"column":37}},"16":{"start":{"line":60,"column":23},"end":{"line":70,"column":36}},"17":{"start":{"line":61,"column":6},"end":{"line":68,"column":7}},"18":{"start":{"line":62,"column":20},"end":{"line":62,"column":34}},"19":{"start":{"line":63,"column":8},"end":{"line":63,"column":39}},"20":{"start":{"line":64,"column":29},"end":{"line":64,"column":57}},"21":{"start":{"line":65,"column":8},"end":{"line":67,"column":9}},"22":{"start":{"line":66,"column":10},"end":{"line":66,"column":42}},"23":{"start":{"line":69,"column":6},"end":{"line":69,"column":17}},"24":{"start":{"line":73,"column":6},"end":{"line":75,"column":15}},"25":{"start":{"line":74,"column":41},"end":{"line":74,"column":46}},"26":{"start":{"line":77,"column":4},"end":{"line":77,"column":62}},"27":{"start":{"line":81,"column":27},"end":{"line":87,"column":3}},"28":{"start":{"line":82,"column":4},"end":{"line":82,"column":26}},"29":{"start":{"line":82,"column":19},"end":{"line":82,"column":26}},"30":{"start":{"line":83,"column":27},"end":{"line":84,"column":null}},"31":{"start":{"line":84,"column":6},"end":{"line":84,"column":56}},"32":{"start":{"line":86,"column":4},"end":{"line":86,"column":60}},"33":{"start":{"line":89,"column":28},"end":{"line":92,"column":3}},"34":{"start":{"line":90,"column":4},"end":{"line":90,"column":30}},"35":{"start":{"line":91,"column":4},"end":{"line":91,"column":53}},"36":{"start":{"line":91,"column":21},"end":{"line":91,"column":45}},"37":{"start":{"line":94,"column":24},"end":{"line":102,"column":3}},"38":{"start":{"line":95,"column":4},"end":{"line":95,"column":26}},"39":{"start":{"line":95,"column":19},"end":{"line":95,"column":26}},"40":{"start":{"line":96,"column":36},"end":{"line":99,"column":7}},"41":{"start":{"line":96,"column":66},"end":{"line":99,"column":6}},"42":{"start":{"line":100,"column":4},"end":{"line":100,"column":69}},"43":{"start":{"line":101,"column":4},"end":{"line":101,"column":27}},"44":{"start":{"line":104,"column":2},"end":{"line":115,"column":4}},"45":{"start":{"line":38,"column":13},"end":{"line":38,"column":33}}},"fnMap":{"0":{"name":"(anonymous_0)","decl":{"start":{"line":38,"column":33},"end":{"line":38,"column":34}},"loc":{"start":{"line":38,"column":93},"end":{"line":116,"column":1}}},"1":{"name":"(anonymous_1)","decl":{"start":{"line":42,"column":12},"end":{"line":42,"column":15}},"loc":{"start":{"line":42,"column":17},"end":{"line":44,"column":3}}},"2":{"name":"(anonymous_2)","decl":{"start":{"line":51,"column":64},"end":{"line":51,"column":65}},"loc":{"start":{"line":51,"column":71},"end":{"line":51,"column":93}}},"3":{"name":"(anonymous_3)","decl":{"start":{"line":55,"column":30},"end":{"line":55,"column":33}},"loc":{"start":{"line":55,"column":35},"end":{"line":78,"column":3}}},"4":{"name":"(anonymous_4)","decl":{"start":{"line":60,"column":48},"end":{"line":60,"column":49}},"loc":{"start":{"line":60,"column":59},"end":{"line":70,"column":5}}},"5":{"name":"(anonymous_5)","decl":{"start":{"line":74,"column":31},"end":{"line":74,"column":32}},"loc":{"start":{"line":74,"column":41},"end":{"line":74,"column":46}}},"6":{"name":"(anonymous_6)","decl":{"start":{"line":81,"column":27},"end":{"line":81,"column":28}},"loc":{"start":{"line":81,"column":48},"end":{"line":87,"column":3}}},"7":{"name":"(anonymous_7)","decl":{"start":{"line":83,"column":49},"end":{"line":83,"column":50}},"loc":{"start":{"line":84,"column":6},"end":{"line":84,"column":56}}},"8":{"name":"(anonymous_8)","decl":{"start":{"line":89,"column":28},"end":{"line":89,"column":31}},"loc":{"start":{"line":89,"column":33},"end":{"line":92,"column":3}}},"9":{"name":"(anonymous_9)","decl":{"start":{"line":91,"column":15},"end":{"line":91,"column":18}},"loc":{"start":{"line":91,"column":21},"end":{"line":91,"column":45}}},"10":{"name":"(anonymous_10)","decl":{"start":{"line":94,"column":24},"end":{"line":94,"column":27}},"loc":{"start":{"line":94,"column":29},"end":{"line":102,"column":3}}},"11":{"name":"(anonymous_11)","decl":{"start":{"line":96,"column":58},"end":{"line":96,"column":59}},"loc":{"start":{"line":96,"column":66},"end":{"line":99,"column":6}}}},"branchMap":{"0":{"loc":{"start":{"line":47,"column":20},"end":{"line":47,"column":41}},"type":"binary-expr","locations":[{"start":{"line":47,"column":20},"end":{"line":47,"column":30}},{"start":{"line":47,"column":34},"end":{"line":47,"column":41}}]},"1":{"loc":{"start":{"line":49,"column":17},"end":{"line":49,"column":104}},"type":"binary-expr","locations":[{"start":{"line":49,"column":17},"end":{"line":49,"column":27}},{"start":{"line":49,"column":31},"end":{"line":49,"column":59}},{"start":{"line":49,"column":63},"end":{"line":49,"column":104}}]},"2":{"loc":{"start":{"line":50,"column":25},"end":{"line":50,"column":64}},"type":"binary-expr","locations":[{"start":{"line":50,"column":25},"end":{"line":50,"column":31}},{"start":{"line":50,"column":35},"end":{"line":50,"column":64}}]},"3":{"loc":{"start":{"line":51,"column":28},"end":{"line":51,"column":106}},"type":"cond-expr","locations":[{"start":{"line":51,"column":41},"end":{"line":51,"column":94}},{"start":{"line":51,"column":97},"end":{"line":51,"column":106}}]},"4":{"loc":{"start":{"line":56,"column":4},"end":{"line":58,"column":5}},"type":"if","locations":[{"start":{"line":56,"column":4},"end":{"line":58,"column":5}}]},"5":{"loc":{"start":{"line":56,"column":8},"end":{"line":56,"column":45}},"type":"binary-expr","locations":[{"start":{"line":56,"column":8},"end":{"line":56,"column":32}},{"start":{"line":56,"column":36},"end":{"line":56,"column":45}}]},"6":{"loc":{"start":{"line":61,"column":6},"end":{"line":68,"column":7}},"type":"if","locations":[{"start":{"line":61,"column":6},"end":{"line":68,"column":7}}]},"7":{"loc":{"start":{"line":63,"column":20},"end":{"line":63,"column":33}},"type":"binary-expr","locations":[{"start":{"line":63,"column":20},"end":{"line":63,"column":28}},{"start":{"line":63,"column":32},"end":{"line":63,"column":33}}]},"8":{"loc":{"start":{"line":65,"column":8},"end":{"line":67,"column":9}},"type":"if","locations":[{"start":{"line":65,"column":8},"end":{"line":67,"column":9}}]},"9":{"loc":{"start":{"line":73,"column":6},"end":{"line":75,"column":15}},"type":"cond-expr","locations":[{"start":{"line":74,"column":10},"end":{"line":74,"column":84}},{"start":{"line":75,"column":10},"end":{"line":75,"column":15}}]},"10":{"loc":{"start":{"line":82,"column":4},"end":{"line":82,"column":26}},"type":"if","locations":[{"start":{"line":82,"column":4},"end":{"line":82,"column":26}}]},"11":{"loc":{"start":{"line":84,"column":6},"end":{"line":84,"column":56}},"type":"cond-expr","locations":[{"start":{"line":84,"column":31},"end":{"line":84,"column":52}},{"start":{"line":84,"column":55},"end":{"line":84,"column":56}}]},"12":{"loc":{"start":{"line":95,"column":4},"end":{"line":95,"column":26}},"type":"if","locations":[{"start":{"line":95,"column":4},"end":{"line":95,"column":26}}]}},"s":{"0":0,"1":0,"2":0,"3":0,"4":0,"5":0,"6":0,"7":0,"8":0,"9":0,"10":0,"11":0,"12":0,"13":0,"14":0,"15":0,"16":0,"17":0,"18":0,"19":0,"20":0,"21":0,"22":0,"23":0,"24":0,"25":0,"26":0,"27":0,"28":0,"29":0,"30":0,"31":0,"32":0,"33":0,"34":0,"35":0,"36":0,"37":0,"38":0,"39":0,"40":0,"41":0,"42":0,"43":0,"44":0,"45":0},"f":{"0":0,"1":0,"2":0,"3":0,"4":0,"5":0,"6":0,"7":0,"8":0,"9":0,"10":0,"11":0},"b":{"0":[0,0],"1":[0,0,0],"2":[0,0],"3":[0,0],"4":[0],"5":[0,0],"6":[0],"7":[0,0],"8":[0],"9":[0,0],"10":[0],"11":[0,0],"12":[0]}}
,"C:\\Users\\wasab\\planning-project10\\src\\components\\3-organisms\\GameBoard\\hooks\\useWindowSize.ts": {"path":"C:\\Users\\wasab\\planning-project10\\src\\components\\3-organisms\\GameBoard\\hooks\\useWindowSize.ts","statementMap":{"0":{"start":{"line":2,"column":0},"end":{"line":2,"column":44}},"1":{"start":{"line":5,"column":38},"end":{"line":8,"column":4}},"2":{"start":{"line":10,"column":2},"end":{"line":21,"column":9}},"3":{"start":{"line":11,"column":25},"end":{"line":16,"column":5}},"4":{"start":{"line":12,"column":6},"end":{"line":15,"column":9}},"5":{"start":{"line":18,"column":4},"end":{"line":18,"column":52}},"6":{"start":{"line":20,"column":4},"end":{"line":20,"column":68}},"7":{"start":{"line":20,"column":17},"end":{"line":20,"column":67}},"8":{"start":{"line":23,"column":2},"end":{"line":23,"column":20}},"9":{"start":{"line":4,"column":0},"end":{"line":4,"column":16}}},"fnMap":{"0":{"name":"useWindowSize","decl":{"start":{"line":4,"column":16},"end":{"line":4,"column":29}},"loc":{"start":{"line":4,"column":29},"end":{"line":24,"column":1}}},"1":{"name":"(anonymous_1)","decl":{"start":{"line":10,"column":12},"end":{"line":10,"column":15}},"loc":{"start":{"line":10,"column":17},"end":{"line":21,"column":3}}},"2":{"name":"(anonymous_2)","decl":{"start":{"line":11,"column":25},"end":{"line":11,"column":28}},"loc":{"start":{"line":11,"column":30},"end":{"line":16,"column":5}}},"3":{"name":"(anonymous_3)","decl":{"start":{"line":20,"column":11},"end":{"line":20,"column":14}},"loc":{"start":{"line":20,"column":17},"end":{"line":20,"column":67}}}},"branchMap":{},"s":{"0":1,"1":0,"2":0,"3":0,"4":0,"5":0,"6":0,"7":0,"8":0,"9":1},"f":{"0":0,"1":0,"2":0,"3":0},"b":{}}
,"C:\\Users\\wasab\\planning-project10\\src\\components\\3-organisms\\JoinGame\\join-game.component.tsx": {"path":"C:\\Users\\wasab\\planning-project10\\src\\components\\3-organisms\\JoinGame\\join-game.component.tsx","statementMap":{"0":{"start":{"line":3,"column":0},"end":{"line":3,"column":null}},"1":{"start":{"line":6,"column":0},"end":{"line":6,"column":76}},"2":{"start":{"line":7,"column":0},"end":{"line":7,"column":36}},"3":{"start":{"line":13,"column":42},"end":{"line":47,"column":1}},"4":{"start":{"line":14,"column":25},"end":{"line":14,"column":67}},"5":{"start":{"line":16,"column":2},"end":{"line":46,"column":4}},"6":{"start":{"line":33,"column":14},"end":{"line":33,"column":32}},"7":{"start":{"line":49,"column":0},"end":{"line":49,"column":24}}},"fnMap":{"0":{"name":"(anonymous_1)","decl":{"start":{"line":13,"column":42},"end":{"line":13,"column":43}},"loc":{"start":{"line":13,"column":64},"end":{"line":47,"column":1}}},"1":{"name":"(anonymous_2)","decl":{"start":{"line":32,"column":32},"end":{"line":32,"column":33}},"loc":{"start":{"line":33,"column":14},"end":{"line":33,"column":32}}}},"branchMap":{},"s":{"0":0,"1":0,"2":0,"3":0,"4":0,"5":0,"6":0,"7":0},"f":{"0":0,"1":0},"b":{}}
,"C:\\Users\\wasab\\planning-project10\\src\\components\\3-organisms\\MainContent\\main-content.component.tsx": {"path":"C:\\Users\\wasab\\planning-project10\\src\\components\\3-organisms\\MainContent\\main-content.component.tsx","statementMap":{"0":{"start":{"line":3,"column":0},"end":{"line":3,"column":76}},"1":{"start":{"line":4,"column":0},"end":{"line":4,"column":89}},"2":{"start":{"line":5,"column":0},"end":{"line":5,"column":39}},"3":{"start":{"line":12,"column":48},"end":{"line":23,"column":1}},"4":{"start":{"line":13,"column":2},"end":{"line":22,"column":4}},"5":{"start":{"line":25,"column":0},"end":{"line":25,"column":27}}},"fnMap":{"0":{"name":"(anonymous_1)","decl":{"start":{"line":12,"column":48},"end":{"line":12,"column":49}},"loc":{"start":{"line":12,"column":70},"end":{"line":23,"column":1}}}},"branchMap":{},"s":{"0":0,"1":0,"2":0,"3":0,"4":0,"5":0},"f":{"0":0},"b":{}}
,"C:\\Users\\wasab\\planning-project10\\src\\components\\3-organisms\\Modal\\modal.component.tsx": {"path":"C:\\Users\\wasab\\planning-project10\\src\\components\\3-organisms\\Modal\\modal.component.tsx","statementMap":{"0":{"start":{"line":3,"column":0},"end":{"line":3,"column":59}},"1":{"start":{"line":4,"column":0},"end":{"line":4,"column":32}},"2":{"start":{"line":13,"column":18},"end":{"line":32,"column":null}},"3":{"start":{"line":14,"column":2},"end":{"line":31,"column":null}},"4":{"start":{"line":35,"column":36},"end":{"line":53,"column":1}},"5":{"start":{"line":36,"column":2},"end":{"line":38,"column":3}},"6":{"start":{"line":37,"column":4},"end":{"line":37,"column":16}},"7":{"start":{"line":40,"column":2},"end":{"line":52,"column":4}},"8":{"start":{"line":42,"column":55},"end":{"line":42,"column":74}},"9":{"start":{"line":55,"column":0},"end":{"line":55,"column":21}}},"fnMap":{"0":{"name":"(anonymous_1)","decl":{"start":{"line":13,"column":18},"end":{"line":13,"column":21}},"loc":{"start":{"line":14,"column":2},"end":{"line":31,"column":null}}},"1":{"name":"(anonymous_2)","decl":{"start":{"line":35,"column":36},"end":{"line":35,"column":37}},"loc":{"start":{"line":35,"column":77},"end":{"line":53,"column":1}}},"2":{"name":"(anonymous_3)","decl":{"start":{"line":42,"column":48},"end":{"line":42,"column":49}},"loc":{"start":{"line":42,"column":55},"end":{"line":42,"column":74}}}},"branchMap":{"0":{"loc":{"start":{"line":36,"column":2},"end":{"line":38,"column":3}},"type":"if","locations":[{"start":{"line":36,"column":2},"end":{"line":38,"column":3}}]}},"s":{"0":0,"1":0,"2":0,"3":0,"4":0,"5":0,"6":0,"7":0,"8":0,"9":0},"f":{"0":0,"1":0,"2":0},"b":{"0":[0]}}
,"C:\\Users\\wasab\\planning-project10\\src\\components\\3-organisms\\SplashScreen\\splash-screen.component.tsx": {"path":"C:\\Users\\wasab\\planning-project10\\src\\components\\3-organisms\\SplashScreen\\splash-screen.component.tsx","statementMap":{"0":{"start":{"line":2,"column":0},"end":{"line":2,"column":51}},"1":{"start":{"line":3,"column":0},"end":{"line":3,"column":76}},"2":{"start":{"line":4,"column":0},"end":{"line":4,"column":40}},"3":{"start":{"line":10,"column":50},"end":{"line":30,"column":1}},"4":{"start":{"line":11,"column":36},"end":{"line":11,"column":50}},"5":{"start":{"line":13,"column":2},"end":{"line":21,"column":19}},"6":{"start":{"line":14,"column":18},"end":{"line":14,"column":60}},"7":{"start":{"line":14,"column":35},"end":{"line":14,"column":54}},"8":{"start":{"line":15,"column":28},"end":{"line":15,"column":69}},"9":{"start":{"line":15,"column":45},"end":{"line":15,"column":57}},"10":{"start":{"line":17,"column":4},"end":{"line":20,"column":6}},"11":{"start":{"line":18,"column":6},"end":{"line":18,"column":26}},"12":{"start":{"line":19,"column":6},"end":{"line":19,"column":36}},"13":{"start":{"line":23,"column":2},"end":{"line":29,"column":4}},"14":{"start":{"line":32,"column":0},"end":{"line":32,"column":28}}},"fnMap":{"0":{"name":"(anonymous_1)","decl":{"start":{"line":10,"column":50},"end":{"line":10,"column":51}},"loc":{"start":{"line":10,"column":69},"end":{"line":30,"column":1}}},"1":{"name":"(anonymous_2)","decl":{"start":{"line":13,"column":12},"end":{"line":13,"column":15}},"loc":{"start":{"line":13,"column":17},"end":{"line":21,"column":3}}},"2":{"name":"(anonymous_3)","decl":{"start":{"line":14,"column":29},"end":{"line":14,"column":32}},"loc":{"start":{"line":14,"column":35},"end":{"line":14,"column":54}}},"3":{"name":"(anonymous_4)","decl":{"start":{"line":15,"column":39},"end":{"line":15,"column":42}},"loc":{"start":{"line":15,"column":45},"end":{"line":15,"column":57}}},"4":{"name":"(anonymous_5)","decl":{"start":{"line":17,"column":11},"end":{"line":17,"column":14}},"loc":{"start":{"line":17,"column":16},"end":{"line":20,"column":5}}}},"branchMap":{"0":{"loc":{"start":{"line":24,"column":47},"end":{"line":24,"column":73}},"type":"cond-expr","locations":[{"start":{"line":24,"column":60},"end":{"line":24,"column":68}},{"start":{"line":24,"column":71},"end":{"line":24,"column":73}}]}},"s":{"0":0,"1":0,"2":0,"3":0,"4":0,"5":0,"6":0,"7":0,"8":0,"9":0,"10":0,"11":0,"12":0,"13":0,"14":0},"f":{"0":0,"1":0,"2":0,"3":0,"4":0},"b":{"0":[0,0]}}
,"C:\\Users\\wasab\\planning-project10\\src\\components\\4-templates\\AppLayout\\app-layout.component.tsx": {"path":"C:\\Users\\wasab\\planning-project10\\src\\components\\4-templates\\AppLayout\\app-layout.component.tsx","statementMap":{"0":{"start":{"line":3,"column":0},"end":{"line":3,"column":37}},"1":{"start":{"line":10,"column":44},"end":{"line":12,"column":1}},"2":{"start":{"line":11,"column":2},"end":{"line":11,"column":54}},"3":{"start":{"line":14,"column":0},"end":{"line":14,"column":25}}},"fnMap":{"0":{"name":"(anonymous_0)","decl":{"start":{"line":10,"column":44},"end":{"line":10,"column":45}},"loc":{"start":{"line":10,"column":61},"end":{"line":12,"column":1}}}},"branchMap":{},"s":{"0":1,"1":1,"2":7,"3":1},"f":{"0":7},"b":{}}
,"C:\\Users\\wasab\\planning-project10\\src\\components\\5-pages\\HomePage\\home-page.component.tsx": {"path":"C:\\Users\\wasab\\planning-project10\\src\\components\\5-pages\\HomePage\\home-page.component.tsx","statementMap":{"0":{"start":{"line":2,"column":0},"end":{"line":2,"column":51}},"1":{"start":{"line":4,"column":0},"end":{"line":4,"column":75}},"2":{"start":{"line":6,"column":0},"end":{"line":6,"column":73}},"3":{"start":{"line":7,"column":0},"end":{"line":7,"column":82}},"4":{"start":{"line":8,"column":0},"end":{"line":8,"column":79}},"5":{"start":{"line":9,"column":0},"end":{"line":9,"column":73}},"6":{"start":{"line":10,"column":0},"end":{"line":10,"column":70}},"7":{"start":{"line":19,"column":53},"end":{"line":45,"column":1}},"8":{"start":{"line":20,"column":22},"end":{"line":20,"column":42}},"9":{"start":{"line":21,"column":40},"end":{"line":21,"column":69}},"10":{"start":{"line":23,"column":2},"end":{"line":37,"column":18}},"11":{"start":{"line":25,"column":4},"end":{"line":36,"column":5}},"12":{"start":{"line":27,"column":30},"end":{"line":27,"column":71}},"13":{"start":{"line":30,"column":26},"end":{"line":31,"column":null}},"14":{"start":{"line":31,"column":15},"end":{"line":31,"column":41}},"15":{"start":{"line":35,"column":6},"end":{"line":35,"column":42}},"16":{"start":{"line":39,"column":2},"end":{"line":41,"column":3}},"17":{"start":{"line":40,"column":4},"end":{"line":40,"column":71}},"18":{"start":{"line":44,"column":2},"end":{"line":44,"column":74}},"19":{"start":{"line":49,"column":27},"end":{"line":104,"column":1}},"20":{"start":{"line":50,"column":38},"end":{"line":50,"column":52}},"21":{"start":{"line":51,"column":50},"end":{"line":51,"column":79}},"22":{"start":{"line":53,"column":28},"end":{"line":58,"column":3}},"23":{"start":{"line":54,"column":4},"end":{"line":54,"column":46}},"24":{"start":{"line":55,"column":4},"end":{"line":55,"column":49}},"25":{"start":{"line":56,"column":4},"end":{"line":56,"column":41}},"26":{"start":{"line":57,"column":4},"end":{"line":57,"column":37}},"27":{"start":{"line":60,"column":28},"end":{"line":72,"column":3}},"28":{"start":{"line":61,"column":4},"end":{"line":61,"column":34}},"29":{"start":{"line":61,"column":27},"end":{"line":61,"column":34}},"30":{"start":{"line":63,"column":36},"end":{"line":66,"column":6}},"31":{"start":{"line":67,"column":4},"end":{"line":67,"column":73}},"32":{"start":{"line":68,"column":4},"end":{"line":68,"column":61}},"33":{"start":{"line":69,"column":4},"end":{"line":69,"column":52}},"34":{"start":{"line":71,"column":4},"end":{"line":71,"column":31}},"35":{"start":{"line":75,"column":2},"end":{"line":77,"column":3}},"36":{"start":{"line":76,"column":4},"end":{"line":76,"column":68}},"37":{"start":{"line":76,"column":43},"end":{"line":76,"column":63}},"38":{"start":{"line":80,"column":2},"end":{"line":86,"column":3}},"39":{"start":{"line":81,"column":4},"end":{"line":85,"column":6}},"40":{"start":{"line":89,"column":23},"end":{"line":89,"column":61}},"41":{"start":{"line":90,"column":2},"end":{"line":96,"column":3}},"42":{"start":{"line":91,"column":4},"end":{"line":95,"column":6}},"43":{"start":{"line":99,"column":2},"end":{"line":103,"column":4}},"44":{"start":{"line":106,"column":0},"end":{"line":106,"column":24}}},"fnMap":{"0":{"name":"(anonymous_1)","decl":{"start":{"line":19,"column":53},"end":{"line":19,"column":54}},"loc":{"start":{"line":19,"column":68},"end":{"line":45,"column":1}}},"1":{"name":"(anonymous_2)","decl":{"start":{"line":23,"column":12},"end":{"line":23,"column":15}},"loc":{"start":{"line":23,"column":17},"end":{"line":37,"column":3}}},"2":{"name":"(anonymous_3)","decl":{"start":{"line":31,"column":8},"end":{"line":31,"column":9}},"loc":{"start":{"line":31,"column":15},"end":{"line":31,"column":41}}},"3":{"name":"(anonymous_4)","decl":{"start":{"line":49,"column":27},"end":{"line":49,"column":30}},"loc":{"start":{"line":49,"column":32},"end":{"line":104,"column":1}}},"4":{"name":"(anonymous_5)","decl":{"start":{"line":53,"column":28},"end":{"line":53,"column":29}},"loc":{"start":{"line":53,"column":52},"end":{"line":58,"column":3}}},"5":{"name":"(anonymous_6)","decl":{"start":{"line":60,"column":28},"end":{"line":60,"column":29}},"loc":{"start":{"line":60,"column":63},"end":{"line":72,"column":3}}},"6":{"name":"(anonymous_7)","decl":{"start":{"line":76,"column":37},"end":{"line":76,"column":40}},"loc":{"start":{"line":76,"column":43},"end":{"line":76,"column":63}}}},"branchMap":{"0":{"loc":{"start":{"line":25,"column":4},"end":{"line":36,"column":5}},"type":"if","locations":[{"start":{"line":25,"column":4},"end":{"line":36,"column":5}}]},"1":{"loc":{"start":{"line":25,"column":8},"end":{"line":25,"column":49}},"type":"binary-expr","locations":[{"start":{"line":25,"column":8},"end":{"line":25,"column":17}},{"start":{"line":25,"column":21},"end":{"line":25,"column":49}}]},"2":{"loc":{"start":{"line":35,"column":21},"end":{"line":35,"column":40}},"type":"binary-expr","locations":[{"start":{"line":35,"column":21},"end":{"line":35,"column":32}},{"start":{"line":35,"column":36},"end":{"line":35,"column":40}}]},"3":{"loc":{"start":{"line":39,"column":2},"end":{"line":41,"column":3}},"type":"if","locations":[{"start":{"line":39,"column":2},"end":{"line":41,"column":3}}]},"4":{"loc":{"start":{"line":39,"column":6},"end":{"line":39,"column":32}},"type":"binary-expr","locations":[{"start":{"line":39,"column":6},"end":{"line":39,"column":16}},{"start":{"line":39,"column":20},"end":{"line":39,"column":32}}]},"5":{"loc":{"start":{"line":61,"column":4},"end":{"line":61,"column":34}},"type":"if","locations":[{"start":{"line":61,"column":4},"end":{"line":61,"column":34}}]},"6":{"loc":{"start":{"line":75,"column":2},"end":{"line":77,"column":3}},"type":"if","locations":[{"start":{"line":75,"column":2},"end":{"line":77,"column":3}}]},"7":{"loc":{"start":{"line":80,"column":2},"end":{"line":86,"column":3}},"type":"if","locations":[{"start":{"line":80,"column":2},"end":{"line":86,"column":3}}]},"8":{"loc":{"start":{"line":90,"column":2},"end":{"line":96,"column":3}},"type":"if","locations":[{"start":{"line":90,"column":2},"end":{"line":96,"column":3}}]}},"s":{"0":1,"1":1,"2":1,"3":1,"4":1,"5":1,"6":1,"7":1,"8":3,"9":3,"10":3,"11":2,"12":1,"13":1,"14":1,"15":1,"16":3,"17":2,"18":1,"19":1,"20":13,"21":13,"22":13,"23":2,"24":2,"25":2,"26":2,"27":13,"28":1,"29":0,"30":1,"31":1,"32":1,"33":1,"34":1,"35":13,"36":6,"37":5,"38":7,"39":2,"40":5,"41":5,"42":2,"43":3,"44":1},"f":{"0":3,"1":2,"2":1,"3":13,"4":2,"5":1,"6":5},"b":{"0":[1],"1":[2,1],"2":[1,0],"3":[2],"4":[3,2],"5":[0],"6":[6],"7":[2],"8":[2]}}
,"C:\\Users\\wasab\\planning-project10\\src\\components\\5-pages\\JoinPage\\join-page.component.tsx": {"path":"C:\\Users\\wasab\\planning-project10\\src\\components\\5-pages\\JoinPage\\join-page.component.tsx","statementMap":{"0":{"start":{"line":2,"column":0},"end":{"line":2,"column":40}},"1":{"start":{"line":3,"column":0},"end":{"line":3,"column":58}},"2":{"start":{"line":4,"column":0},"end":{"line":4,"column":73}},"3":{"start":{"line":5,"column":0},"end":{"line":5,"column":70}},"4":{"start":{"line":9,"column":27},"end":{"line":54,"column":1}},"5":{"start":{"line":10,"column":21},"end":{"line":10,"column":52}},"6":{"start":{"line":11,"column":19},"end":{"line":11,"column":32}},"7":{"start":{"line":14,"column":28},"end":{"line":14,"column":57}},"8":{"start":{"line":16,"column":28},"end":{"line":46,"column":3}},"9":{"start":{"line":18,"column":4},"end":{"line":18,"column":19}},"10":{"start":{"line":20,"column":4},"end":{"line":20,"column":24}},"11":{"start":{"line":20,"column":17},"end":{"line":20,"column":24}},"12":{"start":{"line":22,"column":4},"end":{"line":45,"column":5}},"13":{"start":{"line":23,"column":26},"end":{"line":23,"column":54}},"14":{"start":{"line":24,"column":6},"end":{"line":40,"column":7}},"15":{"start":{"line":25,"column":39},"end":{"line":25,"column":62}},"16":{"start":{"line":26,"column":39},"end":{"line":29,"column":10}},"17":{"start":{"line":30,"column":8},"end":{"line":30,"column":66}},"18":{"start":{"line":31,"column":8},"end":{"line":31,"column":75}},"19":{"start":{"line":33,"column":8},"end":{"line":33,"column":55}},"20":{"start":{"line":34,"column":8},"end":{"line":34,"column":56}},"21":{"start":{"line":36,"column":8},"end":{"line":36,"column":22}},"22":{"start":{"line":39,"column":8},"end":{"line":39,"column":72}},"23":{"start":{"line":42,"column":6},"end":{"line":42,"column":49}},"24":{"start":{"line":44,"column":6},"end":{"line":44,"column":56}},"25":{"start":{"line":48,"column":2},"end":{"line":53,"column":4}},"26":{"start":{"line":56,"column":0},"end":{"line":56,"column":24}}},"fnMap":{"0":{"name":"(anonymous_1)","decl":{"start":{"line":9,"column":27},"end":{"line":9,"column":30}},"loc":{"start":{"line":9,"column":32},"end":{"line":54,"column":1}}},"1":{"name":"(anonymous_2)","decl":{"start":{"line":16,"column":28},"end":{"line":16,"column":29}},"loc":{"start":{"line":16,"column":63},"end":{"line":46,"column":3}}}},"branchMap":{"0":{"loc":{"start":{"line":20,"column":4},"end":{"line":20,"column":24}},"type":"if","locations":[{"start":{"line":20,"column":4},"end":{"line":20,"column":24}}]},"1":{"loc":{"start":{"line":24,"column":6},"end":{"line":40,"column":7}},"type":"if","locations":[{"start":{"line":24,"column":6},"end":{"line":40,"column":7}},{"start":{"line":37,"column":13},"end":{"line":40,"column":7}}]},"2":{"loc":{"start":{"line":50,"column":7},"end":{"line":50,"column":76}},"type":"binary-expr","locations":[{"start":{"line":50,"column":7},"end":{"line":50,"column":12}},{"start":{"line":50,"column":16},"end":{"line":50,"column":76}}]}},"s":{"0":1,"1":1,"2":1,"3":1,"4":1,"5":1,"6":1,"7":1,"8":1,"9":1,"10":1,"11":0,"12":1,"13":1,"14":1,"15":1,"16":1,"17":1,"18":1,"19":1,"20":1,"21":1,"22":0,"23":0,"24":0,"25":1,"26":1},"f":{"0":1,"1":1},"b":{"0":[0],"1":[1,0],"2":[1,0]}}
,"C:\\Users\\wasab\\planning-project10\\src\\hooks\\useRoomState.ts": {"path":"C:\\Users\\wasab\\planning-project10\\src\\hooks\\useRoomState.ts","statementMap":{"0":{"start":{"line":2,"column":0},"end":{"line":2,"column":57}},"1":{"start":{"line":24,"column":26},"end":{"line":33,"column":14}},"2":{"start":{"line":25,"column":4},"end":{"line":25,"column":29}},"3":{"start":{"line":25,"column":17},"end":{"line":25,"column":29}},"4":{"start":{"line":26,"column":4},"end":{"line":32,"column":5}},"5":{"start":{"line":27,"column":26},"end":{"line":27,"column":54}},"6":{"start":{"line":28,"column":6},"end":{"line":28,"column":58}},"7":{"start":{"line":30,"column":6},"end":{"line":30,"column":70}},"8":{"start":{"line":31,"column":6},"end":{"line":31,"column":18}},"9":{"start":{"line":35,"column":36},"end":{"line":35,"column":79}},"10":{"start":{"line":38,"column":22},"end":{"line":50,"column":null}},"11":{"start":{"line":40,"column":6},"end":{"line":40,"column":26}},"12":{"start":{"line":40,"column":19},"end":{"line":40,"column":26}},"13":{"start":{"line":41,"column":6},"end":{"line":41,"column":29}},"14":{"start":{"line":42,"column":6},"end":{"line":48,"column":7}},"15":{"start":{"line":43,"column":8},"end":{"line":43,"column":63}},"16":{"start":{"line":45,"column":8},"end":{"line":45,"column":75}},"17":{"start":{"line":47,"column":8},"end":{"line":47,"column":69}},"18":{"start":{"line":54,"column":2},"end":{"line":65,"column":32}},"19":{"start":{"line":55,"column":32},"end":{"line":59,"column":5}},"20":{"start":{"line":56,"column":6},"end":{"line":58,"column":7}},"21":{"start":{"line":57,"column":8},"end":{"line":57,"column":40}},"22":{"start":{"line":61,"column":4},"end":{"line":61,"column":60}},"23":{"start":{"line":62,"column":4},"end":{"line":64,"column":6}},"24":{"start":{"line":63,"column":6},"end":{"line":63,"column":65}},"25":{"start":{"line":67,"column":2},"end":{"line":67,"column":34}},"26":{"start":{"line":21,"column":0},"end":{"line":21,"column":16}}},"fnMap":{"0":{"name":"useRoomState","decl":{"start":{"line":21,"column":16},"end":{"line":21,"column":28}},"loc":{"start":{"line":22,"column":23},"end":{"line":68,"column":1}}},"1":{"name":"(anonymous_1)","decl":{"start":{"line":24,"column":38},"end":{"line":24,"column":59}},"loc":{"start":{"line":24,"column":61},"end":{"line":33,"column":3}}},"2":{"name":"(anonymous_2)","decl":{"start":{"line":39,"column":4},"end":{"line":39,"column":5}},"loc":{"start":{"line":39,"column":28},"end":{"line":49,"column":5}}},"3":{"name":"(anonymous_3)","decl":{"start":{"line":54,"column":12},"end":{"line":54,"column":15}},"loc":{"start":{"line":54,"column":17},"end":{"line":65,"column":3}}},"4":{"name":"(anonymous_4)","decl":{"start":{"line":55,"column":32},"end":{"line":55,"column":33}},"loc":{"start":{"line":55,"column":56},"end":{"line":59,"column":5}}},"5":{"name":"(anonymous_5)","decl":{"start":{"line":62,"column":11},"end":{"line":62,"column":14}},"loc":{"start":{"line":62,"column":16},"end":{"line":64,"column":5}}}},"branchMap":{"0":{"loc":{"start":{"line":25,"column":4},"end":{"line":25,"column":29}},"type":"if","locations":[{"start":{"line":25,"column":4},"end":{"line":25,"column":29}}]},"1":{"loc":{"start":{"line":28,"column":13},"end":{"line":28,"column":57}},"type":"cond-expr","locations":[{"start":{"line":28,"column":27},"end":{"line":28,"column":50}},{"start":{"line":28,"column":53},"end":{"line":28,"column":57}}]},"2":{"loc":{"start":{"line":40,"column":6},"end":{"line":40,"column":26}},"type":"if","locations":[{"start":{"line":40,"column":6},"end":{"line":40,"column":26}}]},"3":{"loc":{"start":{"line":56,"column":6},"end":{"line":58,"column":7}},"type":"if","locations":[{"start":{"line":56,"column":6},"end":{"line":58,"column":7}}]}},"s":{"0":2,"1":9,"2":8,"3":1,"4":7,"5":7,"6":7,"7":1,"8":1,"9":9,"10":9,"11":1,"12":0,"13":1,"14":1,"15":1,"16":1,"17":0,"18":9,"19":8,"20":0,"21":0,"22":8,"23":8,"24":8,"25":9,"26":2},"f":{"0":9,"1":8,"2":1,"3":8,"4":0,"5":8},"b":{"0":[1],"1":[2,5],"2":[0],"3":[0]}}
,"C:\\Users\\wasab\\planning-project10\\src\\utils\\validators.ts": {"path":"C:\\Users\\wasab\\planning-project10\\src\\utils\\validators.ts","statementMap":{"0":{"start":{"line":4,"column":30},"end":{"line":7,"column":10}},"1":{"start":{"line":5,"column":2},"end":{"line":7,"column":10}},"2":{"start":{"line":4,"column":13},"end":{"line":4,"column":30}},"3":{"start":{"line":9,"column":31},"end":{"line":12,"column":10}},"4":{"start":{"line":10,"column":2},"end":{"line":12,"column":10}},"5":{"start":{"line":9,"column":13},"end":{"line":9,"column":31}},"6":{"start":{"line":14,"column":33},"end":{"line":19,"column":5}},"7":{"start":{"line":15,"column":6},"end":{"line":17,"column":7}},"8":{"start":{"line":16,"column":8},"end":{"line":16,"column":50}},"9":{"start":{"line":18,"column":6},"end":{"line":18,"column":18}},"10":{"start":{"line":21,"column":29},"end":{"line":24,"column":10}},"11":{"start":{"line":22,"column":2},"end":{"line":24,"column":10}},"12":{"start":{"line":21,"column":13},"end":{"line":21,"column":29}},"13":{"start":{"line":27,"column":32},"end":{"line":36,"column":1}},"14":{"start":{"line":28,"column":20},"end":{"line":28,"column":31}},"15":{"start":{"line":30,"column":2},"end":{"line":35,"column":4}},"16":{"start":{"line":27,"column":13},"end":{"line":27,"column":32}}},"fnMap":{"0":{"name":"(anonymous_0)","decl":{"start":{"line":4,"column":30},"end":{"line":4,"column":31}},"loc":{"start":{"line":5,"column":2},"end":{"line":7,"column":10}}},"1":{"name":"(anonymous_1)","decl":{"start":{"line":9,"column":31},"end":{"line":9,"column":32}},"loc":{"start":{"line":10,"column":2},"end":{"line":12,"column":10}}},"2":{"name":"(anonymous_2)","decl":{"start":{"line":14,"column":33},"end":{"line":14,"column":34}},"loc":{"start":{"line":14,"column":55},"end":{"line":19,"column":5}}},"3":{"name":"(anonymous_3)","decl":{"start":{"line":21,"column":29},"end":{"line":21,"column":30}},"loc":{"start":{"line":22,"column":2},"end":{"line":24,"column":10}}},"4":{"name":"(anonymous_4)","decl":{"start":{"line":27,"column":32},"end":{"line":27,"column":33}},"loc":{"start":{"line":27,"column":64},"end":{"line":36,"column":1}}}},"branchMap":{"0":{"loc":{"start":{"line":5,"column":2},"end":{"line":7,"column":10}},"type":"cond-expr","locations":[{"start":{"line":6,"column":6},"end":{"line":6,"column":53}},{"start":{"line":7,"column":6},"end":{"line":7,"column":10}}]},"1":{"loc":{"start":{"line":5,"column":2},"end":{"line":5,"column":37}},"type":"binary-expr","locations":[{"start":{"line":5,"column":2},"end":{"line":5,"column":17}},{"start":{"line":5,"column":21},"end":{"line":5,"column":37}}]},"2":{"loc":{"start":{"line":10,"column":2},"end":{"line":12,"column":10}},"type":"cond-expr","locations":[{"start":{"line":11,"column":6},"end":{"line":11,"column":45}},{"start":{"line":12,"column":6},"end":{"line":12,"column":10}}]},"3":{"loc":{"start":{"line":15,"column":6},"end":{"line":17,"column":7}},"type":"if","locations":[{"start":{"line":15,"column":6},"end":{"line":17,"column":7}}]},"4":{"loc":{"start":{"line":15,"column":11},"end":{"line":15,"column":46}},"type":"binary-expr","locations":[{"start":{"line":15,"column":11},"end":{"line":15,"column":41}},{"start":{"line":15,"column":45},"end":{"line":15,"column":46}}]},"5":{"loc":{"start":{"line":22,"column":2},"end":{"line":24,"column":10}},"type":"cond-expr","locations":[{"start":{"line":23,"column":6},"end":{"line":23,"column":44}},{"start":{"line":24,"column":6},"end":{"line":24,"column":10}}]},"6":{"loc":{"start":{"line":31,"column":4},"end":{"line":34,"column":28}},"type":"binary-expr","locations":[{"start":{"line":31,"column":4},"end":{"line":31,"column":29}},{"start":{"line":32,"column":4},"end":{"line":32,"column":30}},{"start":{"line":33,"column":4},"end":{"line":33,"column":35}},{"start":{"line":34,"column":4},"end":{"line":34,"column":28}}]}},"s":{"0":3,"1":15,"2":3,"3":3,"4":17,"5":3,"6":3,"7":6,"8":3,"9":3,"10":3,"11":7,"12":3,"13":3,"14":9,"15":9,"16":3},"f":{"0":15,"1":17,"2":6,"3":7,"4":9},"b":{"0":[5,10],"1":[15,11],"2":[9,8],"3":[3],"4":[6,1],"5":[2,5],"6":[9,7,6,3]}}
}
