TN:
SF:src\App.tsx
FN:8,(anonymous_1)
FNF:1
FNH:1
FNDA:3,(anonymous_1)
DA:3,1
DA:4,1
DA:5,1
DA:6,1
DA:8,1
DA:9,3
DA:17,1
LF:7
LH:7
BRF:0
BRH:0
end_of_record
TN:
SF:src\main.tsx
FNF:0
FNH:0
DA:4,2
DA:5,2
DA:6,2
DA:10,2
DA:12,2
DA:13,2
DA:14,1
DA:16,1
LF:8
LH:8
BRDA:13,0,0,1
BRF:1
BRH:1
end_of_record
TN:
SF:src\components\1-atoms\Avatar\avatar.component.tsx
FN:13,(anonymous_0)
FNF:1
FNH:1
FNDA:5,(anonymous_0)
DA:4,1
DA:13,1
DA:19,5
DA:21,5
DA:31,1
LF:5
LH:5
BRDA:16,0,0,3
BRDA:19,1,0,1
BRDA:19,1,1,4
BRF:3
BRH:3
end_of_record
TN:
SF:src\components\1-atoms\Button\button.component.tsx
FN:13,(anonymous_0)
FNF:1
FNH:1
FNDA:126,(anonymous_0)
DA:3,4
DA:13,4
DA:20,126
DA:22,126
DA:28,126
DA:35,4
LF:6
LH:6
BRDA:15,0,0,4
BRDA:25,1,0,126
BRDA:25,1,1,125
BRF:3
BRH:3
end_of_record
TN:
SF:src\components\1-atoms\Input\input.component.tsx
FN:10,(anonymous_0)
FNF:1
FNH:1
FNDA:121,(anonymous_0)
DA:3,3
DA:10,3
DA:16,121
DA:22,121
DA:25,3
LF:5
LH:5
BRDA:11,0,0,67
BRDA:19,1,0,121
BRDA:19,1,1,120
BRF:3
BRH:3
end_of_record
TN:
SF:src\components\1-atoms\Label\label.component.tsx
FN:8,(anonymous_0)
FNF:1
FNH:1
FNDA:119,(anonymous_0)
DA:3,3
DA:8,3
DA:10,119
DA:12,119
DA:19,3
LF:5
LH:5
BRDA:10,0,0,119
BRDA:10,0,1,118
BRF:2
BRH:2
end_of_record
TN:
SF:src\components\1-atoms\RadioButton\radio-button.component.tsx
FN:9,(anonymous_0)
FNF:1
FNH:1
FNDA:128,(anonymous_0)
DA:3,2
DA:9,2
DA:10,128
DA:19,2
LF:4
LH:4
BRF:0
BRH:0
end_of_record
TN:
SF:src\components\1-atoms\VotingCard\voting-card.component.tsx
FN:13,(anonymous_0)
FN:27,(anonymous_1)
FN:40,(anonymous_2)
FN:51,(anonymous_3)
FN:57,(anonymous_4)
FNF:5
FNH:4
FNDA:1,(anonymous_0)
FNDA:0,(anonymous_1)
FNDA:9,(anonymous_2)
FNDA:9,(anonymous_3)
FNDA:3,(anonymous_4)
DA:4,1
DA:13,1
DA:15,1
DA:27,1
DA:29,0
DA:40,1
DA:45,9
DA:51,9
DA:52,9
DA:53,8
DA:54,8
DA:57,9
DA:58,3
DA:59,2
DA:64,9
DA:71,1
LF:16
LH:15
BRDA:47,0,0,1
BRDA:47,0,1,8
BRDA:48,1,0,7
BRDA:48,1,1,2
BRDA:52,2,0,1
BRDA:53,3,0,0
BRDA:58,4,0,2
BRF:7
BRH:6
end_of_record
TN:
SF:src\components\2-molecules\CardDeck\card-deck.component.tsx
FN:14,(anonymous_1)
FN:21,(anonymous_2)
FN:26,(anonymous_3)
FNF:3
FNH:3
FNDA:5,(anonymous_1)
FNDA:60,(anonymous_2)
FNDA:2,(anonymous_3)
DA:3,1
DA:5,1
DA:12,1
DA:14,1
DA:15,5
DA:22,60
DA:26,2
DA:34,1
LF:8
LH:8
BRF:0
BRH:0
end_of_record
TN:
SF:src\components\2-molecules\CardPlaceholder\card-placeholder.component.tsx
FN:10,(anonymous_0)
FNF:1
FNH:1
FNDA:2,(anonymous_0)
DA:4,1
DA:10,1
DA:11,2
DA:26,1
LF:4
LH:4
BRDA:14,0,0,1
BRDA:14,0,1,1
BRDA:16,1,0,2
BRDA:16,1,1,1
BRF:4
BRH:4
end_of_record
TN:
SF:src\components\2-molecules\CreateGameForm\create-game-form.component.tsx
FN:13,(anonymous_1)
FN:17,(anonymous_2)
FN:41,(anonymous_3)
FNF:3
FNH:3
FNDA:54,(anonymous_1)
FNDA:4,(anonymous_2)
FNDA:45,(anonymous_3)
DA:2,1
DA:3,1
DA:4,1
DA:5,1
DA:6,1
DA:7,1
DA:13,1
DA:14,54
DA:15,54
DA:17,54
DA:18,4
DA:21,4
DA:23,4
DA:25,2
DA:28,2
DA:29,2
DA:33,54
DA:41,45
DA:56,1
LF:19
LH:19
BRDA:23,0,0,2
BRDA:23,0,1,2
BRDA:48,1,0,54
BRDA:48,1,1,17
BRF:4
BRH:4
end_of_record
TN:
SF:src\components\2-molecules\InvitePlayers\invite-players.component.tsx
FN:10,(anonymous_1)
FN:15,(anonymous_2)
FN:19,(anonymous_3)
FNF:3
FNH:2
FNDA:3,(anonymous_1)
FNDA:1,(anonymous_2)
FNDA:0,(anonymous_3)
DA:2,1
DA:3,1
DA:4,1
DA:10,1
DA:11,3
DA:13,3
DA:15,3
DA:16,1
DA:17,1
DA:18,1
DA:19,1
DA:21,0
DA:22,0
DA:26,3
DA:42,1
LF:15
LH:13
BRF:0
BRH:0
end_of_record
TN:
SF:src\components\2-molecules\JoinGameForm\join-game-form.component.tsx
FN:16,(anonymous_1)
FN:21,(anonymous_2)
FN:40,(anonymous_3)
FN:54,(anonymous_4)
FN:62,(anonymous_5)
FNF:5
FNH:4
FNDA:63,(anonymous_1)
FNDA:5,(anonymous_2)
FNDA:50,(anonymous_3)
FNDA:0,(anonymous_4)
FNDA:2,(anonymous_5)
DA:2,1
DA:3,1
DA:4,1
DA:5,1
DA:6,1
DA:7,1
DA:8,1
DA:16,1
DA:17,63
DA:18,63
DA:19,63
DA:21,63
DA:22,5
DA:23,5
DA:25,5
DA:26,2
DA:28,3
DA:29,3
DA:33,63
DA:40,50
DA:54,0
DA:62,2
DA:73,1
LF:23
LH:22
BRDA:25,0,0,2
BRDA:25,0,1,3
BRDA:45,1,0,63
BRDA:45,1,1,18
BRF:4
BRH:4
end_of_record
TN:
SF:src\components\2-molecules\PlayerSeat\player-seat.component.tsx
FN:16,(anonymous_1)
FNF:1
FNH:1
FNDA:7,(anonymous_1)
DA:3,1
DA:5,1
DA:16,1
DA:24,7
DA:31,7
DA:32,1
DA:39,6
DA:40,2
DA:44,4
DA:57,7
DA:65,1
LF:11
LH:11
BRDA:24,0,0,2
BRDA:24,0,1,5
BRDA:31,1,0,1
BRDA:31,1,1,6
BRDA:31,2,0,7
BRDA:31,2,1,2
BRDA:39,3,0,2
BRDA:39,3,1,4
BRDA:48,4,0,1
BRDA:48,4,1,3
BRF:10
BRH:10
end_of_record
TN:
SF:src\components\2-molecules\PragmaLogo\pragma-logo.component.tsx
FN:11,(anonymous_0)
FNF:1
FNH:0
FNDA:0,(anonymous_0)
DA:11,0
DA:16,0
DA:114,0
LF:3
LH:0
BRDA:12,0,0,0
BRDA:13,1,0,0
BRDA:14,2,0,0
BRDA:17,3,0,0
BRDA:17,3,1,0
BRDA:18,4,0,0
BRDA:18,4,1,0
BRDA:19,5,0,0
BRDA:19,5,1,0
BRDA:25,6,0,0
BRDA:25,6,1,0
BRDA:102,7,0,0
BRDA:102,7,1,0
BRF:13
BRH:0
end_of_record
TN:
SF:src\components\2-molecules\VoteCounterLoader\vote-counter-loader.component.tsx
FN:5,(anonymous_0)
FNF:1
FNH:1
FNDA:3,(anonymous_0)
DA:3,1
DA:5,1
DA:6,3
DA:19,1
LF:4
LH:4
BRF:0
BRH:0
end_of_record
TN:
SF:src\components\2-molecules\VoteResults\vote-results.component.tsx
FN:12,(anonymous_1)
FN:16,(anonymous_2)
FNF:2
FNH:2
FNDA:4,(anonymous_1)
FNDA:5,(anonymous_2)
DA:3,1
DA:5,1
DA:12,1
DA:13,4
DA:19,5
DA:22,5
DA:41,1
LF:7
LH:7
BRDA:19,0,0,4
BRDA:19,0,1,1
BRDA:27,1,0,3
BRDA:27,1,1,2
BRF:4
BRH:4
end_of_record
TN:
SF:src\components\3-organisms\GameBoard\GameBoardFooter.tsx
FN:16,(anonymous_1)
FNF:1
FNH:1
FNDA:5,(anonymous_1)
DA:3,1
DA:4,1
DA:7,1
DA:16,1
DA:22,5
DA:32,1
LF:6
LH:6
BRDA:23,0,0,5
BRDA:23,0,1,2
BRDA:26,1,0,5
BRDA:26,1,1,2
BRF:4
BRH:4
end_of_record
TN:
SF:src\components\3-organisms\GameBoard\GameBoardHeader.tsx
FN:9,(anonymous_1)
FN:22,(anonymous_2)
FNF:2
FNH:2
FNDA:9,(anonymous_1)
FNDA:9,(anonymous_2)
DA:3,1
DA:4,1
DA:5,1
DA:6,1
DA:9,1
DA:10,9
DA:11,8
DA:12,8
DA:13,7
DA:22,1
DA:23,9
DA:33,1
LF:12
LH:12
BRDA:10,0,0,1
BRDA:10,1,0,9
BRDA:10,1,1,8
BRDA:12,2,0,1
BRF:4
BRH:4
end_of_record
TN:
SF:src\components\3-organisms\GameBoard\PokerTable.tsx
FN:15,(anonymous_1)
FN:56,(anonymous_2)
FN:69,(anonymous_3)
FN:70,(anonymous_4)
FN:98,(anonymous_5)
FNF:5
FNH:5
FNDA:24,(anonymous_1)
FNDA:8,(anonymous_2)
FNDA:8,(anonymous_3)
FNDA:24,(anonymous_4)
FNDA:16,(anonymous_5)
DA:5,1
DA:6,1
DA:7,1
DA:11,1
DA:12,1
DA:15,1
DA:16,24
DA:17,24
DA:18,24
DA:19,0
DA:23,1
DA:29,1
DA:56,1
DA:66,8
DA:67,8
DA:69,8
DA:70,24
DA:72,8
DA:99,16
DA:100,16
DA:101,16
DA:118,1
LF:22
LH:21
BRDA:16,0,0,0
BRDA:16,1,0,24
BRDA:16,1,1,24
BRDA:18,2,0,24
BRDA:67,3,0,1
BRDA:67,3,1,7
BRDA:75,4,0,8
BRDA:75,4,1,5
BRDA:75,4,2,2
BRDA:78,5,0,8
BRDA:78,5,1,1
BRDA:79,6,0,8
BRDA:79,6,1,2
BRDA:79,6,2,2
BRDA:84,7,0,8
BRDA:84,7,1,8
BRDA:100,8,0,0
BRF:17
BRH:15
end_of_record
TN:
SF:src\components\3-organisms\GameBoard\game-board.component.tsx
FN:24,(anonymous_1)
FN:56,(anonymous_2)
FN:80,(anonymous_3)
FNF:3
FNH:0
FNDA:0,(anonymous_1)
FNDA:0,(anonymous_2)
FNDA:0,(anonymous_3)
DA:4,0
DA:7,0
DA:8,0
DA:9,0
DA:10,0
DA:11,0
DA:14,0
DA:16,0
DA:24,0
DA:26,0
DA:39,0
DA:42,0
DA:43,0
DA:47,0
DA:49,0
DA:56,0
DA:80,0
DA:87,0
LF:18
LH:0
BRDA:42,0,0,0
BRDA:42,1,0,0
BRDA:42,1,1,0
BRDA:42,1,2,0
BRDA:47,2,0,0
BRDA:47,2,1,0
BRF:6
BRH:0
end_of_record
TN:
SF:src\components\3-organisms\GameBoard\hooks\useGameBoardLogic.ts
FN:38,(anonymous_0)
FN:42,(anonymous_1)
FN:51,(anonymous_2)
FN:55,(anonymous_3)
FN:60,(anonymous_4)
FN:74,(anonymous_5)
FN:81,(anonymous_6)
FN:83,(anonymous_7)
FN:89,(anonymous_8)
FN:91,(anonymous_9)
FN:94,(anonymous_10)
FN:96,(anonymous_11)
FNF:12
FNH:0
FNDA:0,(anonymous_0)
FNDA:0,(anonymous_1)
FNDA:0,(anonymous_2)
FNDA:0,(anonymous_3)
FNDA:0,(anonymous_4)
FNDA:0,(anonymous_5)
FNDA:0,(anonymous_6)
FNDA:0,(anonymous_7)
FNDA:0,(anonymous_8)
FNDA:0,(anonymous_9)
FNDA:0,(anonymous_10)
FNDA:0,(anonymous_11)
DA:4,0
DA:5,0
DA:38,0
DA:39,0
DA:40,0
DA:42,0
DA:47,0
DA:49,0
DA:50,0
DA:51,0
DA:52,0
DA:55,0
DA:56,0
DA:57,0
DA:59,0
DA:60,0
DA:61,0
DA:62,0
DA:63,0
DA:64,0
DA:65,0
DA:66,0
DA:69,0
DA:73,0
DA:74,0
DA:77,0
DA:81,0
DA:82,0
DA:83,0
DA:84,0
DA:86,0
DA:89,0
DA:90,0
DA:91,0
DA:94,0
DA:95,0
DA:96,0
DA:100,0
DA:101,0
DA:104,0
LF:40
LH:0
BRDA:47,0,0,0
BRDA:47,0,1,0
BRDA:49,1,0,0
BRDA:49,1,1,0
BRDA:49,1,2,0
BRDA:50,2,0,0
BRDA:50,2,1,0
BRDA:51,3,0,0
BRDA:51,3,1,0
BRDA:56,4,0,0
BRDA:56,5,0,0
BRDA:56,5,1,0
BRDA:61,6,0,0
BRDA:63,7,0,0
BRDA:63,7,1,0
BRDA:65,8,0,0
BRDA:73,9,0,0
BRDA:73,9,1,0
BRDA:82,10,0,0
BRDA:84,11,0,0
BRDA:84,11,1,0
BRDA:95,12,0,0
BRF:22
BRH:0
end_of_record
TN:
SF:src\components\3-organisms\GameBoard\hooks\useWindowSize.ts
FN:4,useWindowSize
FN:10,(anonymous_1)
FN:11,(anonymous_2)
FN:20,(anonymous_3)
FNF:4
FNH:0
FNDA:0,useWindowSize
FNDA:0,(anonymous_1)
FNDA:0,(anonymous_2)
FNDA:0,(anonymous_3)
DA:2,1
DA:4,1
DA:5,0
DA:10,0
DA:11,0
DA:12,0
DA:18,0
DA:20,0
DA:23,0
LF:9
LH:2
BRF:0
BRH:0
end_of_record
TN:
SF:src\components\3-organisms\JoinGame\join-game.component.tsx
FN:13,(anonymous_1)
FN:32,(anonymous_2)
FNF:2
FNH:0
FNDA:0,(anonymous_1)
FNDA:0,(anonymous_2)
DA:3,0
DA:6,0
DA:7,0
DA:13,0
DA:14,0
DA:16,0
DA:33,0
DA:49,0
LF:8
LH:0
BRF:0
BRH:0
end_of_record
TN:
SF:src\components\3-organisms\MainContent\main-content.component.tsx
FN:12,(anonymous_1)
FNF:1
FNH:0
FNDA:0,(anonymous_1)
DA:3,0
DA:4,0
DA:5,0
DA:12,0
DA:13,0
DA:25,0
LF:6
LH:0
BRF:0
BRH:0
end_of_record
TN:
SF:src\components\3-organisms\Modal\modal.component.tsx
FN:13,(anonymous_1)
FN:35,(anonymous_2)
FN:42,(anonymous_3)
FNF:3
FNH:0
FNDA:0,(anonymous_1)
FNDA:0,(anonymous_2)
FNDA:0,(anonymous_3)
DA:3,0
DA:4,0
DA:13,0
DA:14,0
DA:35,0
DA:36,0
DA:37,0
DA:40,0
DA:42,0
DA:55,0
LF:10
LH:0
BRDA:36,0,0,0
BRF:1
BRH:0
end_of_record
TN:
SF:src\components\3-organisms\SplashScreen\splash-screen.component.tsx
FN:10,(anonymous_1)
FN:13,(anonymous_2)
FN:14,(anonymous_3)
FN:15,(anonymous_4)
FN:17,(anonymous_5)
FNF:5
FNH:0
FNDA:0,(anonymous_1)
FNDA:0,(anonymous_2)
FNDA:0,(anonymous_3)
FNDA:0,(anonymous_4)
FNDA:0,(anonymous_5)
DA:2,0
DA:3,0
DA:4,0
DA:10,0
DA:11,0
DA:13,0
DA:14,0
DA:15,0
DA:17,0
DA:18,0
DA:19,0
DA:23,0
DA:32,0
LF:13
LH:0
BRDA:24,0,0,0
BRDA:24,0,1,0
BRF:2
BRH:0
end_of_record
TN:
SF:src\components\4-templates\AppLayout\app-layout.component.tsx
FN:10,(anonymous_0)
FNF:1
FNH:1
FNDA:7,(anonymous_0)
DA:3,1
DA:10,1
DA:11,7
DA:14,1
LF:4
LH:4
BRF:0
BRH:0
end_of_record
TN:
SF:src\components\5-pages\HomePage\home-page.component.tsx
FN:19,(anonymous_1)
FN:23,(anonymous_2)
FN:31,(anonymous_3)
FN:49,(anonymous_4)
FN:53,(anonymous_5)
FN:60,(anonymous_6)
FN:76,(anonymous_7)
FNF:7
FNH:7
FNDA:3,(anonymous_1)
FNDA:2,(anonymous_2)
FNDA:1,(anonymous_3)
FNDA:13,(anonymous_4)
FNDA:2,(anonymous_5)
FNDA:1,(anonymous_6)
FNDA:5,(anonymous_7)
DA:2,1
DA:4,1
DA:6,1
DA:7,1
DA:8,1
DA:9,1
DA:10,1
DA:19,1
DA:20,3
DA:21,3
DA:23,3
DA:25,2
DA:27,1
DA:30,1
DA:31,1
DA:35,1
DA:39,3
DA:40,2
DA:44,1
DA:49,1
DA:50,13
DA:51,13
DA:53,13
DA:54,2
DA:55,2
DA:56,2
DA:57,2
DA:60,13
DA:61,1
DA:63,1
DA:67,1
DA:68,1
DA:69,1
DA:71,1
DA:75,13
DA:76,6
DA:80,7
DA:81,2
DA:89,5
DA:90,5
DA:91,2
DA:99,3
DA:106,1
LF:43
LH:43
BRDA:25,0,0,1
BRDA:25,1,0,2
BRDA:25,1,1,1
BRDA:35,2,0,1
BRDA:35,2,1,0
BRDA:39,3,0,2
BRDA:39,4,0,3
BRDA:39,4,1,2
BRDA:61,5,0,0
BRDA:75,6,0,6
BRDA:80,7,0,2
BRDA:90,8,0,2
BRF:12
BRH:10
end_of_record
TN:
SF:src\components\5-pages\JoinPage\join-page.component.tsx
FN:9,(anonymous_1)
FN:16,(anonymous_2)
FNF:2
FNH:2
FNDA:1,(anonymous_1)
FNDA:1,(anonymous_2)
DA:2,1
DA:3,1
DA:4,1
DA:5,1
DA:9,1
DA:10,1
DA:11,1
DA:14,1
DA:16,1
DA:18,1
DA:20,1
DA:22,1
DA:23,1
DA:24,1
DA:25,1
DA:26,1
DA:30,1
DA:31,1
DA:33,1
DA:34,1
DA:36,1
DA:39,0
DA:42,0
DA:44,0
DA:48,1
DA:56,1
LF:26
LH:23
BRDA:20,0,0,0
BRDA:24,1,0,1
BRDA:24,1,1,0
BRDA:50,2,0,1
BRDA:50,2,1,0
BRF:5
BRH:2
end_of_record
TN:
SF:src\hooks\useRoomState.ts
FN:21,useRoomState
FN:24,(anonymous_1)
FN:39,(anonymous_2)
FN:54,(anonymous_3)
FN:55,(anonymous_4)
FN:62,(anonymous_5)
FNF:6
FNH:0
FNDA:0,useRoomState
FNDA:0,(anonymous_1)
FNDA:0,(anonymous_2)
FNDA:0,(anonymous_3)
FNDA:0,(anonymous_4)
FNDA:0,(anonymous_5)
DA:2,1
DA:21,1
DA:24,0
DA:25,0
DA:26,0
DA:27,0
DA:28,0
DA:30,0
DA:31,0
DA:35,0
DA:38,0
DA:40,0
DA:41,0
DA:42,0
DA:43,0
DA:45,0
DA:47,0
DA:54,0
DA:55,0
DA:56,0
DA:57,0
DA:61,0
DA:62,0
DA:63,0
DA:67,0
LF:25
LH:2
BRDA:25,0,0,0
BRDA:28,1,0,0
BRDA:28,1,1,0
BRDA:40,2,0,0
BRDA:56,3,0,0
BRF:5
BRH:0
end_of_record
TN:
SF:src\services\api.ts
FN:9,(anonymous_0)
FN:15,(anonymous_1)
FNF:2
FNH:0
FNDA:0,(anonymous_0)
FNDA:0,(anonymous_1)
DA:8,0
DA:12,0
DA:15,0
DA:18,0
DA:19,0
DA:24,0
LF:6
LH:0
BRDA:18,0,0,0
BRF:1
BRH:0
end_of_record
TN:
SF:src\utils\validators.ts
FN:4,(anonymous_0)
FN:9,(anonymous_1)
FN:14,(anonymous_2)
FN:21,(anonymous_3)
FN:27,(anonymous_4)
FNF:5
FNH:5
FNDA:15,(anonymous_0)
FNDA:17,(anonymous_1)
FNDA:6,(anonymous_2)
FNDA:7,(anonymous_3)
FNDA:9,(anonymous_4)
DA:4,3
DA:5,15
DA:9,3
DA:10,17
DA:14,3
DA:15,6
DA:16,3
DA:18,3
DA:21,3
DA:22,7
DA:27,3
DA:28,9
DA:30,9
LF:13
LH:13
BRDA:5,0,0,5
BRDA:5,0,1,10
BRDA:5,1,0,15
BRDA:5,1,1,11
BRDA:10,2,0,9
BRDA:10,2,1,8
BRDA:15,3,0,3
BRDA:15,4,0,6
BRDA:15,4,1,1
BRDA:22,5,0,2
BRDA:22,5,1,5
BRDA:31,6,0,9
BRDA:31,6,1,7
BRDA:31,6,2,6
BRDA:31,6,3,3
BRF:15
BRH:15
end_of_record
